KöTaf.RandomGenerator.vshost.exe Information: 0 : Person Random gestartet
KöTaf.RandomGenerator.vshost.exe Information: 0 : Formletter gestartet
KöTaf.RandomGenerator.vshost.exe Information: 0 : Sponsor Random gestartet
KöTaf.RandomGenerator.vshost.exe Information: 0 : CashClosure Add gestartet
KöTaf.RandomGenerator.vshost.exe Information: 0 : Team Random gestartet
KöTaf.RandomGenerator.vshost.exe Information: 0 : Account gestartet
KöTaf.RandomGenerator.vshost.exe Information: 0 : Random Booking gestartet
KöTaf.RandomGenerator.vshost.exe Information: 0 : Booking ID: 501 | Source: 3, Target: 2, Amount: 20, User: 2, Description: Auszahlung an Mitarbeiter Meier gegen Tankstellenbeleg
KöTaf.RandomGenerator.vshost.exe Information: 0 : TeamID: 204 | Firstname: Luise Meier, Address: 41281 Bottrop, Am Roten Tor 292a, DateOfBirth: 14.11.1952
KöTaf.RandomGenerator.vshost.exe Information: 0 : Booking ID: 502 | Source: 2, Target: 1, Amount: 358, User: 2, Description: TEXT
KöTaf.RandomGenerator.vshost.exe Information: 0 : ID: 501 | Name: Franz Kowarschick, Address: 43027 Paderborn, Bülowstraße 19k, Company Name: Murks AG
KöTaf.RandomGenerator.vshost.exe Information: 0 : ID: 502 | Name: Dietmar Stark, Address: 74575 Augsburg, Am Roten Tor 202q, Company Name: Alptraum AG
KöTaf.RandomGenerator.vshost.exe Information: 0 : TeamID: 205 | Firstname: Annabell Hulschik, Address: 11114 Bochum, Am Roten Tor 314x, DateOfBirth: 13.11.1975
KöTaf.RandomGenerator.vshost.exe Information: 0 : !!!!! Account beendet !!!!!
KöTaf.RandomGenerator.vshost.exe Information: 0 : Person ID: 505 | TableNo: 503 | Firstname: Franz Kowarschick, Address: 49333 Ulm, Bülowstraße 15p, Nationality: afrikanisch, DateOfBirth: 11/14/1962 00:00:00
KöTaf.RandomGenerator.vshost.exe Information: 0 : TeamID: 206 | Firstname: Annabell Maier, Address: 41951 München, Maier-Kuh-Weg 93k, DateOfBirth: 21.10.1956
KöTaf.RandomGenerator.vshost.exe Information: 0 : Booking ID: 503 | Source: 2, Target: 2, Amount: 447, User: 4, Description: TEXT
KöTaf.RandomGenerator.vshost.exe Information: 0 : ID: 503 | Name: Georg Bäurle, Address: 35555 Köln, Münchner Freiheit 381c, Company Name: HS Augsburg
KöTaf.RandomGenerator.vshost.exe Information: 0 : ID: 504 | Name: Toni Maier, Address: 69331 Paderborn, Landsbergerstr. 256l, Company Name: Still AG
KöTaf.RandomGenerator.vshost.exe Information: 0 : TeamID: 207 | Firstname: Karin Schmidt, Address: 59497 Paderborn, Landsbergerstr. 308a, DateOfBirth: 17.10.1976
KöTaf.RandomGenerator.vshost.exe Information: 0 : Booking ID: 504 | Source: 2, Target: 2, Amount: 569, User: , Description: Brot für 4 Kinder
KöTaf.RandomGenerator.vshost.exe Information: 0 : !!!!! CashClosure beendet !!!!!
KöTaf.RandomGenerator.vshost.exe Information: 0 : ID: 505 | Name: Franz Fesenmaier, Address: 67132 Leipzig, Goetheplatz 287h, Company Name: BOB
KöTaf.RandomGenerator.vshost.exe Information: 0 : TeamID: 208 | Firstname: Katrin Meier, Address: 89489 Bottrop, Loristraße 120y, DateOfBirth: 25.09.1990
KöTaf.RandomGenerator.vshost.exe Information: 0 : TeamID: 209 | Firstname: Marianne Müller, Address: 68236 Neu-Ulm, Loristraße 47e, DateOfBirth: 25.10.1976
KöTaf.RandomGenerator.vshost.exe Information: 0 : Booking ID: 505 | Source: 3, Target: 3, Amount: 397, User: 3, Description: Brot
KöTaf.RandomGenerator.vshost.exe Information: 0 : ID: 506 | Name: Patrick Märtin, Address: 86708 Memmingen, Münchner Freiheit 494r, Company Name: Hulu GmbH
KöTaf.RandomGenerator.vshost.exe Information: 0 : ID: 507 | Name: Katrin Müller, Address: 49706 Immenstadt, Landsbergerstr. 84s, Company Name: Still AG
KöTaf.RandomGenerator.vshost.exe Information: 0 : ID: 508 | Name: Anton Kulib, Address: 88731 Castrop, Landsbergerstr. 429v, Company Name: Hulu GmbH
KöTaf.RandomGenerator.vshost.exe Information: 0 : TeamID: 210 | Firstname: Michaela Maier, Address: 51036 Bottrop, Münchner Freiheit 408q, DateOfBirth: 01.06.1956
KöTaf.RandomGenerator.vshost.exe Information: 0 : TeamID: 211 | Firstname: Anna-Luise Maier, Address: 77525 Leipzig, Goetheplatz 374a, DateOfBirth: 28.10.1968
KöTaf.RandomGenerator.vshost.exe Information: 0 : TeamID: 212 | Firstname: Susanne Much, Address: 32973 Gelsenkirchen, Bülowstraße 423o, DateOfBirth: 23.05.1979
KöTaf.RandomGenerator.vshost.exe Information: 0 : TeamID: 213 | Firstname: Susanne Meier, Address: 37180 Paderborn, Landsbergerstr. 172e, DateOfBirth: 07.09.1987
KöTaf.RandomGenerator.vshost.exe Information: 0 : TeamID: 214 | Firstname: Michaela Kowarschick, Address: 59063 Augsburg, Goetheplatz 20k, DateOfBirth: 20.11.1946
KöTaf.RandomGenerator.vshost.exe Information: 0 : TeamID: 215 | Firstname: Anna-Luise Kublink, Address: 46653 Augsburg, Münchner Freiheit 361t, DateOfBirth: 24.05.1963
KöTaf.RandomGenerator.vshost.exe Information: 0 : ID: 509 | Name: Franz Schramm, Address: 76689 Lindau, Maier-Kuh-Weg 429c, Company Name: Ebay
KöTaf.RandomGenerator.vshost.exe Information: 0 : ID: 510 | Name: Wolfgang Maier, Address: 88108 Köln, Landsbergerstr. 200y, Company Name: DieFirma
KöTaf.RandomGenerator.vshost.exe Information: 0 : ID: 511 | Name: Wolfgang Högl, Address: 71264 Paderborn, Am Roten Tor 394l, Company Name: Stiehl GmbH
KöTaf.RandomGenerator.vshost.exe Information: 0 : ID: 512 | Name: Franz Bäurle, Address: 25128 Dortmund, Am Roten Tor 466s, Company Name: DB
KöTaf.RandomGenerator.vshost.exe Information: 0 : ID: 513 | Name: Hildegart Krüger, Address: 71977 Köln, Landsbergerstr. 205p, Company Name: Murks AG
KöTaf.RandomGenerator.vshost.exe Information: 0 : TeamID: 216 | Firstname: Annabell Greiner, Address: 66611 Waltrop, Loristraße 318d, DateOfBirth: 11.11.1977
KöTaf.RandomGenerator.vshost.exe Information: 0 : TeamID: 217 | Firstname: Karl Banane, Address: 38676 München, Münchner Freiheit 88i, DateOfBirth: 14.03.1950
KöTaf.RandomGenerator.vshost.exe Information: 0 : Booking ID: 506 | Source: 3, Target: 3, Amount: 93, User: 2, Description: Brot für 4 Kinder
KöTaf.RandomGenerator.vshost.exe Information: 0 : Person ID: 506 | TableNo: 504 | Firstname: Susanne Wasielewski, Address: 23968 Köln, Unter den Linden 165w, Nationality: afrikanisch, DateOfBirth: 11/22/1966 00:00:00
KöTaf.RandomGenerator.vshost.exe Information: 0 : !!!!! FormletterStuff beendet !!!!!
KöTaf.RandomGenerator.vshost.exe Information: 0 : TeamID: 218 | Firstname: Hans Meier, Address: 75843 Augsburg, Münchner Freiheit 381u, DateOfBirth: 10.12.1952
KöTaf.RandomGenerator.vshost.exe Information: 0 : ID: 514 | Name: Paul Wasielewski, Address: 80083 Immenstadt, Loristraße 453s, Company Name: IKK
KöTaf.RandomGenerator.vshost.exe Information: 0 : Booking ID: 507 | Source: 2, Target: 2, Amount: 305, User: 6, Description: Hk
KöTaf.RandomGenerator.vshost.exe Information: 0 : TeamID: 219 | Firstname: Luise Kublink, Address: 75595 Paderborn, Goetheplatz 486e, DateOfBirth: 16.04.1972
KöTaf.RandomGenerator.vshost.exe Information: 0 : TeamID: 220 | Firstname: Hans Greiner, Address: 41378 Memmingen, Landsbergerstr. 237s, DateOfBirth: 22.10.1958
KöTaf.RandomGenerator.vshost.exe Information: 0 : Booking ID: 508 | Source: 1, Target: 2, Amount: 389, User: 2, Description: Hk
KöTaf.RandomGenerator.vshost.exe Information: 0 : ID: 515 | Name: Anja Greiner, Address: 59093 Waltrop, Goetheplatz 402f, Company Name: BOB
KöTaf.RandomGenerator.vshost.exe Information: 0 : ID: 516 | Name: Paul Zettl, Address: 40476 Bottrop, Loristraße 462q, Company Name: Amazon AG
KöTaf.RandomGenerator.vshost.exe Information: 0 : Person ID: 507 | TableNo: 505 | Firstname: Andrea Wasielewski, Address: 67131 Weiden, Arabellapark 101l, Nationality: amerikanisch, DateOfBirth: 08/01/1951 00:00:00
KöTaf.RandomGenerator.vshost.exe Information: 0 : TeamID: 221 | Firstname: Annabell Kowarschick, Address: 84218 Lindau, Landsbergerstr. 278i, DateOfBirth: 14.08.1953
KöTaf.RandomGenerator.vshost.exe Information: 0 : Booking ID: 509 | Source: 1, Target: 2, Amount: 10, User: 5, Description: Hk
KöTaf.RandomGenerator.vshost.exe Information: 0 : ID: 517 | Name: Toni Bäurle, Address: 25852 Gelsenkirchen, Maier-Kuh-Weg 239a, Company Name: Amazon AG
KöTaf.RandomGenerator.vshost.exe Information: 0 : Person ID: 508 | TableNo: 506 | Firstname: Toni Kowarschick, Address: 75781 Türkheim, Arabellapark 364g, Nationality: hindu, DateOfBirth: 09/25/2000 00:00:00
KöTaf.RandomGenerator.vshost.exe Information: 0 : TeamID: 222 | Firstname: Konrad Greiner, Address: 22053 Augsburg, Landsbergerstr. 329k, DateOfBirth: 28.02.1948
KöTaf.RandomGenerator.vshost.exe Information: 0 : Booking ID: 510 | Source: 3, Target: 2, Amount: 259, User: 1, Description: Hk
KöTaf.RandomGenerator.vshost.exe Information: 0 : TeamID: 223 | Firstname: Anna Banane, Address: 46895 Lindau, Maier-Kuh-Weg 476o, DateOfBirth: 08.03.1962
KöTaf.RandomGenerator.vshost.exe Information: 0 : TeamID: 224 | Firstname: Anna Maier, Address: 60053 Paderborn, Landsbergerstr. 312a, DateOfBirth: 05.09.1967
KöTaf.RandomGenerator.vshost.exe Information: 0 : Booking ID: 511 | Source: 2, Target: 1, Amount: 491, User: 2, Description: TEXT
KöTaf.RandomGenerator.vshost.exe Information: 0 : TeamID: 225 | Firstname: Katrin Kirsch, Address: 15085 Waltrop, Am Roten Tor 301r, DateOfBirth: 20.11.1988
KöTaf.RandomGenerator.vshost.exe Information: 0 : Booking ID: 512 | Source: 3, Target: 3, Amount: 604, User: , Description: Auszahlung an Mitarbeiter Meier gegen Tankstellenbeleg
KöTaf.RandomGenerator.vshost.exe Information: 0 : Booking ID: 513 | Source: 3, Target: 3, Amount: 202, User: 1, Description: Auszahlung an Mitarbeiter Meier gegen Tankstellenbeleg
KöTaf.RandomGenerator.vshost.exe Information: 0 : Booking ID: 514 | Source: 1, Target: 1, Amount: 657, User: 5, Description: Hk
KöTaf.RandomGenerator.vshost.exe Information: 0 : Person ID: 509 | TableNo: 507 | Firstname: Kirstin Maier, Address: 78740 Weiden, Unter den Linden 336u, Nationality: hindu, DateOfBirth: 02/28/1968 00:00:00
KöTaf.RandomGenerator.vshost.exe Information: 0 : ID: 518 | Name: Hildegart Maier, Address: 73196 Bochum, Goetheplatz 123z, Company Name: Murks AG
KöTaf.RandomGenerator.vshost.exe Information: 0 : ID: 519 | Name: Max Stork, Address: 69788 Castrop, Münchner Freiheit 93v, Company Name: Deutsche Bank AG
KöTaf.RandomGenerator.vshost.exe Information: 0 : Person ID: 510 | TableNo: 508 | Firstname: Franz Schramm, Address: 55454 Cham, Am Roten Tor 326g, Nationality: deutsch, DateOfBirth: 09/01/1991 00:00:00
KöTaf.RandomGenerator.vshost.exe Information: 0 : ID: 520 | Name: Katrin Wasielewski, Address: 49467 Immenstadt, Maier-Kuh-Weg 44m, Company Name: Aktien GmbH und Co.KG
KöTaf.RandomGenerator.vshost.exe Information: 0 : Booking ID: 515 | Source: 3, Target: 3, Amount: 334, User: 1, Description: TEXT
KöTaf.RandomGenerator.vshost.exe Information: 0 : Booking ID: 516 | Source: 1, Target: 3, Amount: 736, User: 5, Description: Auszahlung an Mitarbeiter Meier gegen Tankstellenbeleg
KöTaf.RandomGenerator.vshost.exe Information: 0 : Person ID: 511 | TableNo: 509 | Firstname: Klaus Fesenmaier, Address: 30586 Rosenheim, Unter den Linden 218w, Nationality: afrikanisch, DateOfBirth: 05/23/1989 00:00:00
KöTaf.RandomGenerator.vshost.exe Information: 0 : ID: 521 | Name: Andrea Beggel, Address: 26368 Leipzig, Münchner Freiheit 386z, Company Name: ABC
KöTaf.RandomGenerator.vshost.exe Information: 0 : ID: 522 | Name: Michael Sizmann, Address: 49002 Castrop, Goetheplatz 62v, Company Name: DB
KöTaf.RandomGenerator.vshost.exe Information: 0 : Booking ID: 517 | Source: 1, Target: 2, Amount: 19, User: 4, Description: TEXT
KöTaf.RandomGenerator.vshost.exe Information: 0 : Booking ID: 518 | Source: 1, Target: 3, Amount: 90, User: 6, Description: Hk
KöTaf.RandomGenerator.vshost.exe Information: 0 : TeamID: 226 | Firstname: Konrad Krüger, Address: 83887 Lindau, Landsbergerstr. 13i, DateOfBirth: 01.10.1968
KöTaf.RandomGenerator.vshost.exe Information: 0 : TeamID: 227 | Firstname: Susanne Schleining, Address: 54230 Lindau, Landsbergerstr. 186j, DateOfBirth: 26.06.1957
KöTaf.RandomGenerator.vshost.exe Information: 0 : Person ID: 512 | TableNo: 510 | Firstname: Katrin Bäurle, Address: 71976 München, Kopfweg 84s, Nationality: serbisch, DateOfBirth: 01/26/1962 00:00:00
KöTaf.RandomGenerator.vshost.exe Information: 0 : TeamID: 228 | Firstname: Susanne Schmidt, Address: 36462 Gelsenkirchen, Loristraße 107w, DateOfBirth: 07.02.1966
KöTaf.RandomGenerator.vshost.exe Information: 0 : ID: 523 | Name: Anton Kowarschick, Address: 22715 Paderborn, Landsbergerstr. 499x, Company Name: Hulu GmbH
KöTaf.RandomGenerator.vshost.exe Information: 0 : TeamID: 229 | Firstname: Konrad Schleining, Address: 14676 München, Am Roten Tor 116r, DateOfBirth: 22.07.1964
KöTaf.RandomGenerator.vshost.exe Information: 0 : TeamID: 230 | Firstname: Michaela Schleining, Address: 37245 Köln, Loristraße 71f, DateOfBirth: 21.11.1972
KöTaf.RandomGenerator.vshost.exe Information: 0 : Person ID: 513 | TableNo: 511 | Firstname: Sabrina Greiner, Address: 46669 Ulm, Unter den Linden 333a, Nationality: ukrainisch, DateOfBirth: 09/22/1996 00:00:00
KöTaf.RandomGenerator.vshost.exe Information: 0 : TeamID: 231 | Firstname: Katrin Krüger, Address: 71128 Gelsenkirchen, Münchner Freiheit 347h, DateOfBirth: 16.09.1944
KöTaf.RandomGenerator.vshost.exe Information: 0 : Booking ID: 519 | Source: 1, Target: 3, Amount: 515, User: 6, Description: TEXT
KöTaf.RandomGenerator.vshost.exe Information: 0 : Booking ID: 520 | Source: 1, Target: 2, Amount: 852, User: 1, Description: Hk
KöTaf.RandomGenerator.vshost.exe Information: 0 : TeamID: 232 | Firstname: Marianne Maier, Address: 13834 Essen, Goetheplatz 424h, DateOfBirth: 11.01.1943
KöTaf.RandomGenerator.vshost.exe Information: 0 : Person ID: 514 | TableNo: 512 | Firstname: Andreas Metzner, Address: 83926 Geretsried, Am Heideweg 58q, Nationality: russisch, DateOfBirth: 11/11/1987 00:00:00
KöTaf.RandomGenerator.vshost.exe Information: 0 : ID: 524 | Name: Michael Greiner, Address: 54704 Paderborn, Loristraße 216f, Company Name: Still AG
KöTaf.RandomGenerator.vshost.exe Information: 0 : ID: 525 | Name: Andrea Müller, Address: 10523 Waltrop, Bülowstraße 9q, Company Name: Amazon AG
KöTaf.RandomGenerator.vshost.exe Information: 0 : TeamID: 233 | Firstname: Annabell Hulschik, Address: 15636 Memmingen, Münchner Freiheit 453v, DateOfBirth: 17.06.1989
KöTaf.RandomGenerator.vshost.exe Information: 0 : ID: 526 | Name: Anja Schramm, Address: 38619 Recklinghausen, Bülowstraße 188p, Company Name: MAN
KöTaf.RandomGenerator.vshost.exe Information: 0 : TeamID: 234 | Firstname: Susanne Banane, Address: 72518 Recklinghausen, Maier-Kuh-Weg 10z, DateOfBirth: 23.07.1970
KöTaf.RandomGenerator.vshost.exe Information: 0 : Booking ID: 521 | Source: 2, Target: 3, Amount: 521, User: 3, Description: Hk
KöTaf.RandomGenerator.vshost.exe Information: 0 : Booking ID: 522 | Source: 2, Target: 3, Amount: 405, User: 2, Description: TEXT
KöTaf.RandomGenerator.vshost.exe Information: 0 : ID: 527 | Name: Paul Sizmann, Address: 75981 München, Loristraße 329i, Company Name: Alptraum AG
KöTaf.RandomGenerator.vshost.exe Information: 0 : TeamID: 235 | Firstname: Karl Banane, Address: 82426 Castrop, Bülowstraße 339c, DateOfBirth: 03.01.1947
KöTaf.RandomGenerator.vshost.exe Information: 0 : ID: 528 | Name: Wolfgang Meier, Address: 12041 Köln, Goetheplatz 461i, Company Name: ABC
KöTaf.RandomGenerator.vshost.exe Information: 0 : TeamID: 236 | Firstname: Annabell Meier, Address: 38144 Gelsenkirchen, Goetheplatz 248l, DateOfBirth: 09.04.1953
KöTaf.RandomGenerator.vshost.exe Information: 0 : TeamID: 237 | Firstname: Annabell Müller, Address: 70604 Memmingen, Landsbergerstr. 294t, DateOfBirth: 12.02.1965
KöTaf.RandomGenerator.vshost.exe Information: 0 : TeamID: 238 | Firstname: Hans Krüger, Address: 70799 Essen, Am Roten Tor 336s, DateOfBirth: 26.06.1953
KöTaf.RandomGenerator.vshost.exe Information: 0 : ID: 529 | Name: Toni Sizmann, Address: 38066 Castrop, Loristraße 453t, Company Name: Stiehl GmbH
KöTaf.RandomGenerator.vshost.exe Information: 0 : ID: 530 | Name: Patrick Metzner, Address: 79090 Paderborn, Am Roten Tor 264e, Company Name: IKK
KöTaf.RandomGenerator.vshost.exe Information: 0 : TeamID: 239 | Firstname: Michaela Maier, Address: 60968 Leipzig, Landsbergerstr. 221k, DateOfBirth: 02.02.1981
KöTaf.RandomGenerator.vshost.exe Information: 0 : ID: 531 | Name: Herman Schramm, Address: 39743 Bottrop, Maier-Kuh-Weg 343b, Company Name: ABC
KöTaf.RandomGenerator.vshost.exe Information: 0 : ID: 532 | Name: Dietmar Kowarschick, Address: 85283 Dortmund, Loristraße 256d, Company Name: Deutsche Bank AG
KöTaf.RandomGenerator.vshost.exe Information: 0 : TeamID: 240 | Firstname: Anna-Luise Schleining, Address: 68665 Lindau, Am Roten Tor 157d, DateOfBirth: 23.01.1964
KöTaf.RandomGenerator.vshost.exe Information: 0 : TeamID: 241 | Firstname: Luise Much, Address: 30979 Paderborn, Bülowstraße 268e, DateOfBirth: 24.06.1970
KöTaf.RandomGenerator.vshost.exe Information: 0 : TeamID: 242 | Firstname: Anna Müller, Address: 32182 Paderborn, Goetheplatz 394a, DateOfBirth: 12.05.1990
KöTaf.RandomGenerator.vshost.exe Information: 0 : ID: 533 | Name: Paul Kowarschick, Address: 85318 Neu-Ulm, Loristraße 206j, Company Name: Amazon AG
KöTaf.RandomGenerator.vshost.exe Information: 0 : TeamID: 243 | Firstname: Hans Kowarschick, Address: 24982 Augsburg, Am Roten Tor 86x, DateOfBirth: 02.02.1990
KöTaf.RandomGenerator.vshost.exe Information: 0 : Person ID: 515 | TableNo: 513 | Firstname: Toni Bäurle, Address: 84848 Cham, Müllerstraße 182f, Nationality: deutsch, DateOfBirth: 09/13/1973 00:00:00
KöTaf.RandomGenerator.vshost.exe Information: 0 : TeamID: 244 | Firstname: Luise Greiner, Address: 48024 Castrop, Münchner Freiheit 394n, DateOfBirth: 26.07.1950
KöTaf.RandomGenerator.vshost.exe Information: 0 : TeamID: 245 | Firstname: Luise Kirsch, Address: 63830 Gelsenkirchen, Münchner Freiheit 266u, DateOfBirth: 22.10.1978
KöTaf.RandomGenerator.vshost.exe Information: 0 : ID: 534 | Name: Max Ziegler, Address: 55462 Dortmund, Am Roten Tor 387v, Company Name: Microstep AG
KöTaf.RandomGenerator.vshost.exe Information: 0 : TeamID: 246 | Firstname: Michaela Hulschik, Address: 50706 Augsburg, Loristraße 333h, DateOfBirth: 19.10.1971
KöTaf.RandomGenerator.vshost.exe Information: 0 : TeamID: 247 | Firstname: Katrin Meier, Address: 31801 Dortmund, Münchner Freiheit 462a, DateOfBirth: 10.11.1952
KöTaf.RandomGenerator.vshost.exe Information: 0 : ID: 535 | Name: Florian Müller, Address: 15228 Paderborn, Landsbergerstr. 185j, Company Name: Kuka
KöTaf.RandomGenerator.vshost.exe Information: 0 : TeamID: 248 | Firstname: Marianne Kublink, Address: 58561 Recklinghausen, Am Roten Tor 191d, DateOfBirth: 06.07.1943
KöTaf.RandomGenerator.vshost.exe Information: 0 : Booking ID: 523 | Source: 1, Target: 1, Amount: 45, User: 3, Description: Brot für 4 Kinder
KöTaf.RandomGenerator.vshost.exe Information: 0 : Person ID: 516 | TableNo: 514 | Firstname: Toni Greiner, Address: 60367 Bonn, Müllerstraße 20e, Nationality: ukrainisch, DateOfBirth: 12/06/1988 00:00:00
KöTaf.RandomGenerator.vshost.exe Information: 0 : ID: 536 | Name: Hildegart Zettl, Address: 76682 Waltrop, Landsbergerstr. 486k, Company Name: Stiehl GmbH
KöTaf.RandomGenerator.vshost.exe Information: 0 : TeamID: 249 | Firstname: Michaela Schleining, Address: 76794 Paderborn, Maier-Kuh-Weg 197a, DateOfBirth: 26.02.1962
KöTaf.RandomGenerator.vshost.exe Information: 0 : Booking ID: 524 | Source: 2, Target: 3, Amount: 626, User: 2, Description: Brot
KöTaf.RandomGenerator.vshost.exe Information: 0 : TeamID: 250 | Firstname: Annabell Schmidt, Address: 28684 Bochum, Goetheplatz 239f, DateOfBirth: 08.09.1986
KöTaf.RandomGenerator.vshost.exe Information: 0 : Booking ID: 525 | Source: 1, Target: 1, Amount: 831, User: , Description: Hk
KöTaf.RandomGenerator.vshost.exe Information: 0 : ID: 537 | Name: Klaus Meier, Address: 31066 Castrop, Landsbergerstr. 484u, Company Name: Hulu GmbH
KöTaf.RandomGenerator.vshost.exe Information: 0 : Booking ID: 526 | Source: 1, Target: 2, Amount: 555, User: 1, Description: TEXT
KöTaf.RandomGenerator.vshost.exe Information: 0 : ID: 538 | Name: Ruth Kulib, Address: 53457 Leipzig, Goetheplatz 303r, Company Name: Murks AG
KöTaf.RandomGenerator.vshost.exe Information: 0 : TeamID: 251 | Firstname: Susanne Greiner, Address: 25184 Lindau, Bülowstraße 23v, DateOfBirth: 11.09.1967
KöTaf.RandomGenerator.vshost.exe Information: 0 : Person ID: 517 | TableNo: 515 | Firstname: Dietmar Högl, Address: 26367 Türkheim, Landsbergerstraße 277m, Nationality: afrikanisch, DateOfBirth: 10/22/1968 00:00:00
KöTaf.RandomGenerator.vshost.exe Information: 0 : TeamID: 252 | Firstname: Luise Erdlenbuch, Address: 15044 Immenstadt, Goetheplatz 247u, DateOfBirth: 09.12.1954
KöTaf.RandomGenerator.vshost.exe Information: 0 : ID: 539 | Name: Max Ziegler, Address: 80125 Memmingen, Münchner Freiheit 414e, Company Name: Hulu GmbH
KöTaf.RandomGenerator.vshost.exe Information: 0 : ID: 540 | Name: Michael Bäurle, Address: 33768 Lindau, Loristraße 366n, Company Name: Alptraum AG
KöTaf.RandomGenerator.vshost.exe Information: 0 : Booking ID: 527 | Source: 3, Target: 3, Amount: 627, User: 1, Description: TEXT
KöTaf.RandomGenerator.vshost.exe Information: 0 : ID: 541 | Name: Andrea Maier, Address: 49995 Essen, Maier-Kuh-Weg 212v, Company Name: Alptraum AG
KöTaf.RandomGenerator.vshost.exe Information: 0 : Booking ID: 528 | Source: 2, Target: 3, Amount: 654, User: 6, Description: Auszahlung an Mitarbeiter Meier gegen Tankstellenbeleg
KöTaf.RandomGenerator.vshost.exe Information: 0 : Person ID: 518 | TableNo: 516 | Firstname: Florian Greiner, Address: 12759 Geretsried, Müllerstraße 185p, Nationality: amerikanisch, DateOfBirth: 11/18/1956 00:00:00
KöTaf.RandomGenerator.vshost.exe Information: 0 : Booking ID: 529 | Source: 2, Target: 2, Amount: 751, User: , Description: Hk
KöTaf.RandomGenerator.vshost.exe Information: 0 : TeamID: 253 | Firstname: Anna-Luise Much, Address: 21517 Gelsenkirchen, Am Roten Tor 483t, DateOfBirth: 03.08.1981
KöTaf.RandomGenerator.vshost.exe Information: 0 : TeamID: 254 | Firstname: Marianne Hulschik, Address: 44323 Paderborn, Maier-Kuh-Weg 365s, DateOfBirth: 25.01.1951
KöTaf.RandomGenerator.vshost.exe Information: 0 : TeamID: 255 | Firstname: Katrin Hulschik, Address: 51215 Bochum, Münchner Freiheit 98a, DateOfBirth: 19.05.1967
KöTaf.RandomGenerator.vshost.exe Information: 0 : Booking ID: 530 | Source: 3, Target: 3, Amount: 208, User: 4, Description: Hk
KöTaf.RandomGenerator.vshost.exe Information: 0 : Booking ID: 531 | Source: 1, Target: 3, Amount: 656, User: , Description: Brot
KöTaf.RandomGenerator.vshost.exe Information: 0 : Booking ID: 532 | Source: 2, Target: 3, Amount: 558, User: 4, Description: Hk
KöTaf.RandomGenerator.vshost.exe Information: 0 : Person ID: 519 | TableNo: 517 | Firstname: Ruth Zettl, Address: 44655 Berlin, Müllerstraße 278n, Nationality: amerikanisch, DateOfBirth: 12/16/1963 00:00:00
KöTaf.RandomGenerator.vshost.exe Information: 0 : TeamID: 256 | Firstname: Annabell Much, Address: 36705 München, Münchner Freiheit 108z, DateOfBirth: 18.07.1960
KöTaf.RandomGenerator.vshost.exe Information: 0 : TeamID: 257 | Firstname: Annabell Schleining, Address: 53229 München, Maier-Kuh-Weg 433o, DateOfBirth: 04.07.1963
KöTaf.RandomGenerator.vshost.exe Information: 0 : TeamID: 258 | Firstname: Marianne Much, Address: 76954 München, Bülowstraße 281w, DateOfBirth: 06.11.1945
KöTaf.RandomGenerator.vshost.exe Information: 0 : TeamID: 259 | Firstname: Hans Müller, Address: 82259 Bottrop, Landsbergerstr. 262w, DateOfBirth: 04.05.1976
KöTaf.RandomGenerator.vshost.exe Information: 0 : Person ID: 520 | TableNo: 518 | Firstname: Andrea Müller, Address: 79084 Neu-Ulm, Landsbergerstraße 8q, Nationality: russisch, DateOfBirth: 09/05/1977 00:00:00
KöTaf.RandomGenerator.vshost.exe Information: 0 : TeamID: 260 | Firstname: Karin Kirsch, Address: 61001 Castrop, Münchner Freiheit 60w, DateOfBirth: 01.10.1945
KöTaf.RandomGenerator.vshost.exe Information: 0 : TeamID: 261 | Firstname: Anna Schmidt, Address: 43978 Leipzig, Bülowstraße 393y, DateOfBirth: 19.09.1951
KöTaf.RandomGenerator.vshost.exe Information: 0 : ID: 542 | Name: Florian Ziegler, Address: 67027 Augsburg, Goetheplatz 133m, Company Name: Deutsche Bank AG
KöTaf.RandomGenerator.vshost.exe Information: 0 : TeamID: 262 | Firstname: Hans Kowarschick, Address: 27588 Köln, Bülowstraße 107i, DateOfBirth: 06.09.1951
KöTaf.RandomGenerator.vshost.exe Information: 0 : TeamID: 263 | Firstname: Michaela Kowarschick, Address: 19860 Immenstadt, Landsbergerstr. 273y, DateOfBirth: 01.10.1946
KöTaf.RandomGenerator.vshost.exe Information: 0 : TeamID: 264 | Firstname: Marianne Kowarschick, Address: 64221 Bochum, Am Roten Tor 344h, DateOfBirth: 08.02.1981
KöTaf.RandomGenerator.vshost.exe Information: 0 : TeamID: 265 | Firstname: Michaela Erdlenbuch, Address: 29307 Bottrop, Loristraße 394k, DateOfBirth: 16.07.1947
KöTaf.RandomGenerator.vshost.exe Information: 0 : ID: 543 | Name: Hildegart Kulib, Address: 15150 Lindau, Loristraße 207q, Company Name: MAN
KöTaf.RandomGenerator.vshost.exe Information: 0 : TeamID: 266 | Firstname: Katrin Kirsch, Address: 57140 Recklinghausen, Goetheplatz 260z, DateOfBirth: 04.10.1965
KöTaf.RandomGenerator.vshost.exe Information: 0 : TeamID: 267 | Firstname: Annabell Schleining, Address: 21361 Leipzig, Loristraße 264i, DateOfBirth: 10.08.1987
KöTaf.RandomGenerator.vshost.exe Information: 0 : Booking ID: 533 | Source: 3, Target: 1, Amount: 298, User: 3, Description: Brot für 4 Kinder
KöTaf.RandomGenerator.vshost.exe Information: 0 : Booking ID: 534 | Source: 1, Target: 2, Amount: 35, User: 4, Description: Hk
KöTaf.RandomGenerator.vshost.exe Information: 0 : ID: 544 | Name: Susanne Müller, Address: 76975 Köln, Loristraße 148i, Company Name: Amazon AG
KöTaf.RandomGenerator.vshost.exe Information: 0 : Booking ID: 535 | Source: 2, Target: 1, Amount: 842, User: 6, Description: Hk
KöTaf.RandomGenerator.vshost.exe Information: 0 : ID: 545 | Name: Andreas Meier, Address: 12757 Castrop, Maier-Kuh-Weg 20p, Company Name: ABC
KöTaf.RandomGenerator.vshost.exe Information: 0 : TeamID: 268 | Firstname: Konrad Krüger, Address: 29454 Gelsenkirchen, Am Roten Tor 392o, DateOfBirth: 04.09.1964
KöTaf.RandomGenerator.vshost.exe Information: 0 : Person ID: 521 | TableNo: 519 | Firstname: Paul Müller, Address: 12133 München, Kopfweg 264w, Nationality: russisch, DateOfBirth: 07/19/1992 00:00:00
KöTaf.RandomGenerator.vshost.exe Information: 0 : Booking ID: 536 | Source: 3, Target: 1, Amount: 896, User: 3, Description: TEXT
KöTaf.RandomGenerator.vshost.exe Information: 0 : ID: 546 | Name: Herman Stark, Address: 78298 Recklinghausen, Maier-Kuh-Weg 325r, Company Name: MAN
KöTaf.RandomGenerator.vshost.exe Information: 0 : TeamID: 269 | Firstname: Anna-Luise Krüger, Address: 80405 Leipzig, Maier-Kuh-Weg 340v, DateOfBirth: 25.04.1981
KöTaf.RandomGenerator.vshost.exe Information: 0 : ID: 547 | Name: Franz Högl, Address: 89943 Memmingen, Am Roten Tor 200g, Company Name: Microstep AG
KöTaf.RandomGenerator.vshost.exe Information: 0 : Booking ID: 537 | Source: 1, Target: 1, Amount: 55, User: 4, Description: Hk
KöTaf.RandomGenerator.vshost.exe Information: 0 : ID: 548 | Name: Toni Kowarschick, Address: 81579 München, Maier-Kuh-Weg 491d, Company Name: Murks AG
KöTaf.RandomGenerator.vshost.exe Information: 0 : Booking ID: 538 | Source: 3, Target: 1, Amount: 739, User: 5, Description: Brot
KöTaf.RandomGenerator.vshost.exe Information: 0 : TeamID: 270 | Firstname: Annabell Much, Address: 22047 Immenstadt, Maier-Kuh-Weg 203o, DateOfBirth: 03.05.1970
KöTaf.RandomGenerator.vshost.exe Information: 0 : Booking ID: 539 | Source: 2, Target: 1, Amount: 197, User: 1, Description: Auszahlung an Mitarbeiter Meier gegen Tankstellenbeleg
KöTaf.RandomGenerator.vshost.exe Information: 0 : Booking ID: 540 | Source: 1, Target: 1, Amount: 432, User: 6, Description: Brot
KöTaf.RandomGenerator.vshost.exe Information: 0 : ID: 549 | Name: Franz Högl, Address: 81665 Dortmund, Goetheplatz 251m, Company Name: ABC
KöTaf.RandomGenerator.vshost.exe Information: 0 : ID: 550 | Name: Herman Müller, Address: 10408 Lindau, Bülowstraße 494n, Company Name: BOB
KöTaf.RandomGenerator.vshost.exe Information: 0 : ID: 551 | Name: Andrea Stark, Address: 15877 Bottrop, Maier-Kuh-Weg 469l, Company Name: BOB
KöTaf.RandomGenerator.vshost.exe Information: 0 : Booking ID: 541 | Source: 2, Target: 3, Amount: 681, User: 6, Description: Brot
KöTaf.RandomGenerator.vshost.exe Information: 0 : TeamID: 271 | Firstname: Marianne Banane, Address: 33497 Memmingen, Maier-Kuh-Weg 440e, DateOfBirth: 08.05.1952
KöTaf.RandomGenerator.vshost.exe Information: 0 : Person ID: 522 | TableNo: 520 | Firstname: Franz Meier, Address: 38066 Neu-Ulm, Kopfweg 55i, Nationality: ukrainisch, DateOfBirth: 05/10/1956 00:00:00
KöTaf.RandomGenerator.vshost.exe Information: 0 : TeamID: 272 | Firstname: Michaela Greiner, Address: 36550 Waltrop, Goetheplatz 234g, DateOfBirth: 11.07.1947
KöTaf.RandomGenerator.vshost.exe Information: 0 : TeamID: 273 | Firstname: Luise Maier, Address: 84657 Bottrop, Maier-Kuh-Weg 487w, DateOfBirth: 12.02.1966
KöTaf.RandomGenerator.vshost.exe Information: 0 : TeamID: 274 | Firstname: Anna Erdlenbuch, Address: 58928 Dortmund, Landsbergerstr. 298w, DateOfBirth: 27.11.1971
KöTaf.RandomGenerator.vshost.exe Information: 0 : Person ID: 523 | TableNo: 521 | Firstname: Max Beggel, Address: 87227 Hof, Arabellapark 328f, Nationality: afrikanisch, DateOfBirth: 02/07/1976 00:00:00
KöTaf.RandomGenerator.vshost.exe Information: 0 : Booking ID: 542 | Source: 3, Target: 3, Amount: 867, User: 1, Description: Auszahlung an Mitarbeiter Meier gegen Tankstellenbeleg
KöTaf.RandomGenerator.vshost.exe Information: 0 : TeamID: 275 | Firstname: Karin Maier, Address: 37380 Dortmund, Landsbergerstr. 371p, DateOfBirth: 20.08.1955
KöTaf.RandomGenerator.vshost.exe Information: 0 : TeamID: 276 | Firstname: Susanne Greiner, Address: 52062 Immenstadt, Loristraße 165j, DateOfBirth: 21.06.1971
KöTaf.RandomGenerator.vshost.exe Information: 0 : TeamID: 277 | Firstname: Marianne Schleining, Address: 19412 Memmingen, Bülowstraße 374y, DateOfBirth: 19.10.1940
KöTaf.RandomGenerator.vshost.exe Information: 0 : Booking ID: 543 | Source: 1, Target: 3, Amount: 252, User: 5, Description: Auszahlung an Mitarbeiter Meier gegen Tankstellenbeleg
KöTaf.RandomGenerator.vshost.exe Information: 0 : TeamID: 278 | Firstname: Anna-Luise Banane, Address: 79271 Neu-Ulm, Loristraße 38f, DateOfBirth: 02.06.1959
KöTaf.RandomGenerator.vshost.exe Information: 0 : TeamID: 279 | Firstname: Susanne Greiner, Address: 85293 Immenstadt, Loristraße 217p, DateOfBirth: 10.07.1969
KöTaf.RandomGenerator.vshost.exe Information: 0 : ID: 552 | Name: Herman Meier, Address: 62367 Essen, Münchner Freiheit 381t, Company Name: DB
KöTaf.RandomGenerator.vshost.exe Information: 0 : TeamID: 280 | Firstname: Konrad Schleining, Address: 15009 Lindau, Bülowstraße 296f, DateOfBirth: 18.04.1963
KöTaf.RandomGenerator.vshost.exe Information: 0 : Booking ID: 544 | Source: 3, Target: 1, Amount: 758, User: 5, Description: Brot
KöTaf.RandomGenerator.vshost.exe Information: 0 : TeamID: 281 | Firstname: Luise Schleining, Address: 34825 Leipzig, Maier-Kuh-Weg 439j, DateOfBirth: 03.04.1954
KöTaf.RandomGenerator.vshost.exe Information: 0 : Person ID: 524 | TableNo: 522 | Firstname: Paul Müller, Address: 51007 Köln, Arabellapark 298o, Nationality: deutsch, DateOfBirth: 02/27/1973 00:00:00
KöTaf.RandomGenerator.vshost.exe Information: 0 : Person ID: 525 | TableNo: 523 | Firstname: Paul Kowarschick, Address: 16456 Hof, Kopfweg 157n, Nationality: afrikanisch, DateOfBirth: 09/08/1998 00:00:00
KöTaf.RandomGenerator.vshost.exe Information: 0 : TeamID: 282 | Firstname: Konrad Schleining, Address: 18317 Gelsenkirchen, Maier-Kuh-Weg 353g, DateOfBirth: 08.02.1959
KöTaf.RandomGenerator.vshost.exe Information: 0 : ID: 553 | Name: Franz Märtin, Address: 30244 Köln, Goetheplatz 165g, Company Name: DB
KöTaf.RandomGenerator.vshost.exe Information: 0 : ID: 554 | Name: Toni Dümmler, Address: 21882 Dortmund, Bülowstraße 37o, Company Name: BOB
KöTaf.RandomGenerator.vshost.exe Information: 0 : TeamID: 283 | Firstname: Susanne Schmidt, Address: 20545 Augsburg, Maier-Kuh-Weg 497m, DateOfBirth: 23.04.1989
KöTaf.RandomGenerator.vshost.exe Information: 0 : ID: 555 | Name: Hildegart Sizmann, Address: 31655 Gelsenkirchen, Am Roten Tor 3v, Company Name: MAN
KöTaf.RandomGenerator.vshost.exe Information: 0 : Booking ID: 545 | Source: 1, Target: 2, Amount: 365, User: 2, Description: Brot für 4 Kinder
KöTaf.RandomGenerator.vshost.exe Information: 0 : ID: 556 | Name: Kirstin Sizmann, Address: 75090 Dortmund, Goetheplatz 381m, Company Name: DB
KöTaf.RandomGenerator.vshost.exe Information: 0 : TeamID: 284 | Firstname: Konrad Kirsch, Address: 26938 München, Maier-Kuh-Weg 20l, DateOfBirth: 26.07.1988
KöTaf.RandomGenerator.vshost.exe Information: 0 : TeamID: 285 | Firstname: Anna-Luise Banane, Address: 37527 Castrop, Landsbergerstr. 252k, DateOfBirth: 04.07.1956
KöTaf.RandomGenerator.vshost.exe Information: 0 : TeamID: 286 | Firstname: Luise Krüger, Address: 35262 Köln, Goetheplatz 484d, DateOfBirth: 05.08.1983
KöTaf.RandomGenerator.vshost.exe Information: 0 : ID: 557 | Name: Michael Högl, Address: 47395 Castrop, Goetheplatz 80g, Company Name: Alptraum AG
KöTaf.RandomGenerator.vshost.exe Information: 0 : TeamID: 287 | Firstname: Anna-Luise Krüger, Address: 78592 Castrop, Bülowstraße 32n, DateOfBirth: 22.02.1977
KöTaf.RandomGenerator.vshost.exe Information: 0 : TeamID: 288 | Firstname: Luise Kublink, Address: 79671 Castrop, Münchner Freiheit 232q, DateOfBirth: 28.01.1987
KöTaf.RandomGenerator.vshost.exe Information: 0 : ID: 558 | Name: Patrick Kaufmann, Address: 38874 München, Goetheplatz 486m, Company Name: Stiehl GmbH
KöTaf.RandomGenerator.vshost.exe Information: 0 : Booking ID: 546 | Source: 1, Target: 3, Amount: 813, User: 2, Description: Auszahlung an Mitarbeiter Meier gegen Tankstellenbeleg
KöTaf.RandomGenerator.vshost.exe Information: 0 : TeamID: 289 | Firstname: Hans Kowarschick, Address: 38569 Bottrop, Loristraße 297f, DateOfBirth: 20.09.1965
KöTaf.RandomGenerator.vshost.exe Information: 0 : Person ID: 526 | TableNo: 524 | Firstname: Kirstin Kulib, Address: 31936 Bonn, Am Tor  110w, Nationality: deutsch, DateOfBirth: 01/11/1953 00:00:00
KöTaf.RandomGenerator.vshost.exe Information: 0 : ID: 559 | Name: Andreas Müller, Address: 33165 Waltrop, Münchner Freiheit 148t, Company Name: Deutsche Bank AG
KöTaf.RandomGenerator.vshost.exe Information: 0 : ID: 560 | Name: Anton Krüger, Address: 70041 Leipzig, Maier-Kuh-Weg 408q, Company Name: IKK
KöTaf.RandomGenerator.vshost.exe Information: 0 : Booking ID: 547 | Source: 3, Target: 3, Amount: 248, User: , Description: Auszahlung an Mitarbeiter Meier gegen Tankstellenbeleg
KöTaf.RandomGenerator.vshost.exe Information: 0 : Booking ID: 548 | Source: 2, Target: 2, Amount: 189, User: 2, Description: TEXT
KöTaf.RandomGenerator.vshost.exe Information: 0 : Booking ID: 549 | Source: 1, Target: 1, Amount: 664, User: 1, Description: Brot für 4 Kinder
KöTaf.RandomGenerator.vshost.exe Information: 0 : ID: 561 | Name: Katrin Dümmler, Address: 32328 Dortmund, Goetheplatz 352l, Company Name: Alptraum AG
KöTaf.RandomGenerator.vshost.exe Information: 0 : TeamID: 290 | Firstname: Anna Greiner, Address: 59306 München, Landsbergerstr. 129x, DateOfBirth: 04.06.1980
KöTaf.RandomGenerator.vshost.exe Information: 0 : TeamID: 291 | Firstname: Katrin Hulschik, Address: 12419 Bottrop, Landsbergerstr. 136f, DateOfBirth: 10.04.1970
KöTaf.RandomGenerator.vshost.exe Information: 0 : Person ID: 527 | TableNo: 525 | Firstname: Anja Müller, Address: 31066 München, Kopfweg 219k, Nationality: hindu, DateOfBirth: 05/04/1991 00:00:00
KöTaf.RandomGenerator.vshost.exe Information: 0 : TeamID: 292 | Firstname: Hans Maier, Address: 47784 Memmingen, Münchner Freiheit 211c, DateOfBirth: 25.07.1941
KöTaf.RandomGenerator.vshost.exe Information: 0 : ID: 562 | Name: Dietmar Bäurle, Address: 42121 München, Am Roten Tor 453f, Company Name: Hulu GmbH
KöTaf.RandomGenerator.vshost.exe Information: 0 : ID: 563 | Name: Sabrina Bäurle, Address: 26306 Neu-Ulm, Maier-Kuh-Weg 409o, Company Name: DB
KöTaf.RandomGenerator.vshost.exe Information: 0 : ID: 564 | Name: Anton Sizmann, Address: 59881 Lindau, Landsbergerstr. 149k, Company Name: ABC
KöTaf.RandomGenerator.vshost.exe Information: 0 : TeamID: 293 | Firstname: Annabell Kirsch, Address: 50862 Lindau, Landsbergerstr. 177v, DateOfBirth: 03.05.1941
KöTaf.RandomGenerator.vshost.exe Information: 0 : ID: 565 | Name: Patrick Schramm, Address: 46576 Waltrop, Loristraße 58a, Company Name: Deutsche Bank AG
KöTaf.RandomGenerator.vshost.exe Information: 0 : Person ID: 528 | TableNo: 526 | Firstname: Andreas Ziegler, Address: 21551 München, Kopfweg 206c, Nationality: amerikanisch, DateOfBirth: 09/04/1980 00:00:00
KöTaf.RandomGenerator.vshost.exe Information: 0 : ID: 566 | Name: Herman Sizmann, Address: 80374 Dortmund, Goetheplatz 57w, Company Name: Alptraum AG
KöTaf.RandomGenerator.vshost.exe Information: 0 : ID: 567 | Name: Dietmar Wasielewski, Address: 14990 Immenstadt, Loristraße 435x, Company Name: Deutsche Bank AG
KöTaf.RandomGenerator.vshost.exe Information: 0 : Person ID: 529 | TableNo: 527 | Firstname: Anja Kowarschick, Address: 68587 Neu-Ulm, Am Roten Tor 172m, Nationality: afrikanisch, DateOfBirth: 04/09/1963 00:00:00
KöTaf.RandomGenerator.vshost.exe Information: 0 : ID: 568 | Name: Georg Stork, Address: 31483 Memmingen, Bülowstraße 428d, Company Name: BOB
KöTaf.RandomGenerator.vshost.exe Information: 0 : TeamID: 294 | Firstname: Karin Greiner, Address: 33845 Waltrop, Loristraße 340x, DateOfBirth: 18.02.1976
KöTaf.RandomGenerator.vshost.exe Information: 0 : ID: 569 | Name: Franz Fesenmaier, Address: 88446 Recklinghausen, Am Roten Tor 358v, Company Name: Ebay
KöTaf.RandomGenerator.vshost.exe Information: 0 : Booking ID: 550 | Source: 2, Target: 1, Amount: 566, User: 4, Description: Hk
KöTaf.RandomGenerator.vshost.exe Information: 0 : Booking ID: 551 | Source: 1, Target: 1, Amount: 778, User: 4, Description: Brot
KöTaf.RandomGenerator.vshost.exe Information: 0 : ID: 570 | Name: Katrin Maier, Address: 61557 Bottrop, Landsbergerstr. 205n, Company Name: Murks AG
KöTaf.RandomGenerator.vshost.exe Information: 0 : TeamID: 295 | Firstname: Anna Hulschik, Address: 35625 Recklinghausen, Am Roten Tor 331a, DateOfBirth: 17.07.1980
KöTaf.RandomGenerator.vshost.exe Information: 0 : TeamID: 296 | Firstname: Anna-Luise Greiner, Address: 30850 Leipzig, Loristraße 422m, DateOfBirth: 27.08.1961
KöTaf.RandomGenerator.vshost.exe Information: 0 : ID: 571 | Name: Florian Metzner, Address: 28012 Bochum, Goetheplatz 103d, Company Name: HS Augsburg
KöTaf.RandomGenerator.vshost.exe Information: 0 : Person ID: 530 | TableNo: 528 | Firstname: Andrea Maier, Address: 34913 Hof, Arabellapark 162d, Nationality: amerikanisch, DateOfBirth: 01/13/1968 00:00:00
KöTaf.RandomGenerator.vshost.exe Information: 0 : TeamID: 297 | Firstname: Luise Krüger, Address: 60083 Essen, Bülowstraße 286d, DateOfBirth: 24.04.1978
KöTaf.RandomGenerator.vshost.exe Information: 0 : Booking ID: 552 | Source: 3, Target: 2, Amount: 547, User: 5, Description: Brot für 4 Kinder
KöTaf.RandomGenerator.vshost.exe Information: 0 : Booking ID: 553 | Source: 3, Target: 3, Amount: 628, User: 5, Description: TEXT
KöTaf.RandomGenerator.vshost.exe Information: 0 : ID: 572 | Name: Franz Sizmann, Address: 84993 München, Landsbergerstr. 61v, Company Name: Amazon AG
KöTaf.RandomGenerator.vshost.exe Information: 0 : TeamID: 298 | Firstname: Susanne Hulschik, Address: 62635 Augsburg, Am Roten Tor 384z, DateOfBirth: 22.09.1952
KöTaf.RandomGenerator.vshost.exe Information: 0 : ID: 573 | Name: Katrin Greiner, Address: 42289 Lindau, Bülowstraße 135r, Company Name: Microstep AG
KöTaf.RandomGenerator.vshost.exe Information: 0 : Booking ID: 554 | Source: 2, Target: 2, Amount: 295, User: 1, Description: Brot für 4 Kinder
KöTaf.RandomGenerator.vshost.exe Information: 0 : ID: 574 | Name: Sabrina Greiner, Address: 85329 Essen, Münchner Freiheit 240u, Company Name: DB
KöTaf.RandomGenerator.vshost.exe Information: 0 : Booking ID: 555 | Source: 2, Target: 3, Amount: 510, User: 6, Description: Brot für 4 Kinder
KöTaf.RandomGenerator.vshost.exe Information: 0 : TeamID: 299 | Firstname: Annabell Erdlenbuch, Address: 23970 Bottrop, Bülowstraße 176c, DateOfBirth: 08.08.1981
KöTaf.RandomGenerator.vshost.exe Information: 0 : ID: 575 | Name: Wolfgang Stork, Address: 74548 Lindau, Münchner Freiheit 207r, Company Name: Hulu GmbH
KöTaf.RandomGenerator.vshost.exe Information: 0 : TeamID: 300 | Firstname: Konrad Greiner, Address: 23948 München, Am Roten Tor 480x, DateOfBirth: 18.07.1975
KöTaf.RandomGenerator.vshost.exe Information: 0 : TeamID: 301 | Firstname: Anna-Luise Kirsch, Address: 44003 München, Bülowstraße 142v, DateOfBirth: 17.02.1943
KöTaf.RandomGenerator.vshost.exe Information: 0 : ID: 576 | Name: Patrick Maier, Address: 19909 Lindau, Bülowstraße 3j, Company Name: ABC
KöTaf.RandomGenerator.vshost.exe Information: 0 : TeamID: 302 | Firstname: Michaela Hulschik, Address: 87896 Recklinghausen, Maier-Kuh-Weg 335o, DateOfBirth: 21.08.1947
KöTaf.RandomGenerator.vshost.exe Information: 0 : Booking ID: 556 | Source: 3, Target: 3, Amount: 301, User: 2, Description: Auszahlung an Mitarbeiter Meier gegen Tankstellenbeleg
KöTaf.RandomGenerator.vshost.exe Information: 0 : Booking ID: 557 | Source: 1, Target: 2, Amount: 327, User: 4, Description: Brot
KöTaf.RandomGenerator.vshost.exe Information: 0 : ID: 577 | Name: Toni Kowarschick, Address: 84363 Castrop, Bülowstraße 174b, Company Name: Alptraum AG
KöTaf.RandomGenerator.vshost.exe Information: 0 : ID: 578 | Name: Georg Meier, Address: 55980 Köln, Maier-Kuh-Weg 239s, Company Name: IKK
KöTaf.RandomGenerator.vshost.exe Information: 0 : TeamID: 303 | Firstname: Karin Greiner, Address: 27664 Castrop, Goetheplatz 302f, DateOfBirth: 05.10.1942
KöTaf.RandomGenerator.vshost.exe Information: 0 : ID: 579 | Name: Susanne Högl, Address: 22785 Lindau, Bülowstraße 407w, Company Name: Kuka
KöTaf.RandomGenerator.vshost.exe Information: 0 : Booking ID: 558 | Source: 2, Target: 3, Amount: 690, User: 5, Description: TEXT
KöTaf.RandomGenerator.vshost.exe Information: 0 : TeamID: 304 | Firstname: Hans Schleining, Address: 52231 Köln, Goetheplatz 428l, DateOfBirth: 13.08.1945
KöTaf.RandomGenerator.vshost.exe Information: 0 : TeamID: 305 | Firstname: Luise Müller, Address: 18746 Augsburg, Landsbergerstr. 317x, DateOfBirth: 15.03.1959
KöTaf.RandomGenerator.vshost.exe Information: 0 : Person ID: 531 | TableNo: 529 | Firstname: Susanne Dümmler, Address: 74872 Dresden, Müllerstraße 356u, Nationality: deutsch, DateOfBirth: 06/12/1953 00:00:00
KöTaf.RandomGenerator.vshost.exe Information: 0 : TeamID: 306 | Firstname: Konrad Kublink, Address: 89538 Immenstadt, Münchner Freiheit 178z, DateOfBirth: 27.05.1945
KöTaf.RandomGenerator.vshost.exe Information: 0 : TeamID: 307 | Firstname: Susanne Krüger, Address: 50842 Paderborn, Maier-Kuh-Weg 99p, DateOfBirth: 08.02.1955
KöTaf.RandomGenerator.vshost.exe Information: 0 : TeamID: 308 | Firstname: Marianne Hulschik, Address: 27843 Bochum, Münchner Freiheit 23f, DateOfBirth: 14.07.1987
KöTaf.RandomGenerator.vshost.exe Information: 0 : Booking ID: 559 | Source: 1, Target: 3, Amount: 464, User: 2, Description: TEXT
KöTaf.RandomGenerator.vshost.exe Information: 0 : TeamID: 309 | Firstname: Konrad Banane, Address: 65246 Neu-Ulm, Bülowstraße 231a, DateOfBirth: 24.04.1967
KöTaf.RandomGenerator.vshost.exe Information: 0 : ID: 580 | Name: Ruth Zettl, Address: 71811 Waltrop, Bülowstraße 116k, Company Name: Microstep AG
KöTaf.RandomGenerator.vshost.exe Information: 0 : Booking ID: 560 | Source: 1, Target: 2, Amount: 152, User: 2, Description: Auszahlung an Mitarbeiter Meier gegen Tankstellenbeleg
KöTaf.RandomGenerator.vshost.exe Information: 0 : ID: 581 | Name: Max Maier, Address: 80330 Dortmund, Bülowstraße 88s, Company Name: Stiehl GmbH
KöTaf.RandomGenerator.vshost.exe Information: 0 : Person ID: 532 | TableNo: 530 | Firstname: Anja Sizmann, Address: 12757 Köln, Loristraße 56i, Nationality: amerikanisch, DateOfBirth: 01/23/1974 00:00:00
KöTaf.RandomGenerator.vshost.exe Information: 0 : ID: 582 | Name: Michael Bäurle, Address: 31104 Neu-Ulm, Münchner Freiheit 324a, Company Name: DB
KöTaf.RandomGenerator.vshost.exe Information: 0 : ID: 583 | Name: Michael Bäurle, Address: 21893 München, Loristraße 179o, Company Name: 
KöTaf.RandomGenerator.vshost.exe Information: 0 : Person ID: 533 | TableNo: 531 | Firstname: Katrin Märtin, Address: 68256 Cham, Am Heideweg 324k, Nationality: serbisch, DateOfBirth: 09/20/1983 00:00:00
KöTaf.RandomGenerator.vshost.exe Information: 0 : Booking ID: 561 | Source: 3, Target: 3, Amount: 543, User: 4, Description: Brot
KöTaf.RandomGenerator.vshost.exe Information: 0 : Person ID: 534 | TableNo: 532 | Firstname: Anton Märtin, Address: 88594 Köln, Am Roten Tor 176e, Nationality: hindu, DateOfBirth: 03/26/1966 00:00:00
KöTaf.RandomGenerator.vshost.exe Information: 0 : TeamID: 310 | Firstname: Michaela Meier, Address: 83728 Immenstadt, Bülowstraße 8q, DateOfBirth: 25.05.1954
KöTaf.RandomGenerator.vshost.exe Information: 0 : ID: 584 | Name: Kirstin Krüger, Address: 78458 Gelsenkirchen, Münchner Freiheit 257d, Company Name: Hulu GmbH
KöTaf.RandomGenerator.vshost.exe Information: 0 : ID: 585 | Name: Paul Greiner, Address: 16636 Castrop, Bülowstraße 427p, Company Name: Stiehl GmbH
KöTaf.RandomGenerator.vshost.exe Information: 0 : TeamID: 311 | Firstname: Susanne Müller, Address: 58162 Köln, Landsbergerstr. 365u, DateOfBirth: 03.11.1966
KöTaf.RandomGenerator.vshost.exe Information: 0 : TeamID: 312 | Firstname: Anna-Luise Schmidt, Address: 33855 Paderborn, Landsbergerstr. 280s, DateOfBirth: 26.03.1956
KöTaf.RandomGenerator.vshost.exe Information: 0 : Booking ID: 562 | Source: 1, Target: 3, Amount: 62, User: 4, Description: Auszahlung an Mitarbeiter Meier gegen Tankstellenbeleg
KöTaf.RandomGenerator.vshost.exe Information: 0 : Person ID: 535 | TableNo: 533 | Firstname: Franz Högl, Address: 59753 Dresden, Am Roten Tor 191u, Nationality: ukrainisch, DateOfBirth: 07/26/1960 00:00:00
KöTaf.RandomGenerator.vshost.exe Information: 0 : TeamID: 313 | Firstname: Karl Erdlenbuch, Address: 74086 Leipzig, Münchner Freiheit 288a, DateOfBirth: 17.11.1945
KöTaf.RandomGenerator.vshost.exe Information: 0 : Booking ID: 563 | Source: 3, Target: 1, Amount: 418, User: 2, Description: TEXT
KöTaf.RandomGenerator.vshost.exe Information: 0 : ID: 586 | Name: Georg Högl, Address: 34795 Castrop, Landsbergerstr. 36t, Company Name: Deutsche Bank AG
KöTaf.RandomGenerator.vshost.exe Information: 0 : Person ID: 536 | TableNo: 534 | Firstname: Andreas Ziegler, Address: 51874 Geretsried, Am Tor  286u, Nationality: ukrainisch, DateOfBirth: 03/27/1953 00:00:00
KöTaf.RandomGenerator.vshost.exe Information: 0 : ID: 587 | Name: Paul Metzner, Address: 79680 Bottrop, Landsbergerstr. 73h, Company Name: Deutsche Bank AG
KöTaf.RandomGenerator.vshost.exe Information: 0 : Booking ID: 564 | Source: 2, Target: 2, Amount: 136, User: 2, Description: Brot
KöTaf.RandomGenerator.vshost.exe Information: 0 : Booking ID: 565 | Source: 2, Target: 3, Amount: 656, User: 2, Description: TEXT
KöTaf.RandomGenerator.vshost.exe Information: 0 : ID: 588 | Name: Herman Stork, Address: 69662 Paderborn, Goetheplatz 389i, Company Name: ABC
KöTaf.RandomGenerator.vshost.exe Information: 0 : ID: 589 | Name: Hildegart Kulib, Address: 10287 Recklinghausen, Goetheplatz 324v, Company Name: Amazon AG
KöTaf.RandomGenerator.vshost.exe Information: 0 : ID: 590 | Name: Patrick Müller, Address: 25912 München, Münchner Freiheit 190m, Company Name: 
KöTaf.RandomGenerator.vshost.exe Information: 0 : TeamID: 314 | Firstname: Karl Schmidt, Address: 62798 Lindau, Loristraße 126m, DateOfBirth: 17.10.1965
KöTaf.RandomGenerator.vshost.exe Information: 0 : ID: 591 | Name: Klaus Högl, Address: 52436 Waltrop, Loristraße 294y, Company Name: ABC
KöTaf.RandomGenerator.vshost.exe Information: 0 : ID: 592 | Name: Dietmar Müller, Address: 62852 Dortmund, Loristraße 353p, Company Name: MAN
KöTaf.RandomGenerator.vshost.exe Information: 0 : Person ID: 537 | TableNo: 535 | Firstname: Sabrina Zettl, Address: 30244 Weiden, Am Tor  145t, Nationality: serbisch, DateOfBirth: 12/01/1993 00:00:00
KöTaf.RandomGenerator.vshost.exe Information: 0 : TeamID: 315 | Firstname: Anna-Luise Banane, Address: 82492 Leipzig, Bülowstraße 285l, DateOfBirth: 28.11.1973
KöTaf.RandomGenerator.vshost.exe Information: 0 : Booking ID: 566 | Source: 2, Target: 2, Amount: 318, User: , Description: Hk
KöTaf.RandomGenerator.vshost.exe Information: 0 : TeamID: 316 | Firstname: Konrad Kowarschick, Address: 67024 Leipzig, Goetheplatz 148b, DateOfBirth: 15.10.1951
KöTaf.RandomGenerator.vshost.exe Information: 0 : TeamID: 317 | Firstname: Annabell Müller, Address: 33584 Dortmund, Goetheplatz 125t, DateOfBirth: 22.10.1963
KöTaf.RandomGenerator.vshost.exe Information: 0 : TeamID: 318 | Firstname: Susanne Schleining, Address: 48688 Recklinghausen, Loristraße 349k, DateOfBirth: 19.06.1990
KöTaf.RandomGenerator.vshost.exe Information: 0 : TeamID: 319 | Firstname: Annabell Meier, Address: 38241 Lindau, Goetheplatz 438o, DateOfBirth: 21.09.1953
KöTaf.RandomGenerator.vshost.exe Information: 0 : TeamID: 320 | Firstname: Susanne Hulschik, Address: 40153 Waltrop, Landsbergerstr. 339q, DateOfBirth: 06.06.1944
KöTaf.RandomGenerator.vshost.exe Information: 0 : ID: 593 | Name: Herman Meier, Address: 47611 Paderborn, Bülowstraße 5n, Company Name: Stiehl GmbH
KöTaf.RandomGenerator.vshost.exe Information: 0 : TeamID: 321 | Firstname: Karin Schleining, Address: 49669 Dortmund, Am Roten Tor 9c, DateOfBirth: 13.02.1951
KöTaf.RandomGenerator.vshost.exe Information: 0 : ID: 594 | Name: Florian Högl, Address: 18082 Waltrop, Landsbergerstr. 321q, Company Name: ABC
KöTaf.RandomGenerator.vshost.exe Information: 0 : TeamID: 322 | Firstname: Karl Much, Address: 10247 Leipzig, Maier-Kuh-Weg 206x, DateOfBirth: 21.05.1967
KöTaf.RandomGenerator.vshost.exe Information: 0 : Booking ID: 567 | Source: 1, Target: 3, Amount: 81, User: 5, Description: Auszahlung an Mitarbeiter Meier gegen Tankstellenbeleg
KöTaf.RandomGenerator.vshost.exe Information: 0 : Booking ID: 568 | Source: 2, Target: 3, Amount: 755, User: 2, Description: Brot für 4 Kinder
KöTaf.RandomGenerator.vshost.exe Information: 0 : Person ID: 538 | TableNo: 536 | Firstname: Katrin Stark, Address: 77971 Dresden, Loristraße 57j, Nationality: russisch, DateOfBirth: 07/06/1953 00:00:00
KöTaf.RandomGenerator.vshost.exe Information: 0 : ID: 595 | Name: Michael Kulib, Address: 39989 Gelsenkirchen, Landsbergerstr. 138l, Company Name: BOB
KöTaf.RandomGenerator.vshost.exe Information: 0 : Booking ID: 569 | Source: 3, Target: 3, Amount: 266, User: 1, Description: Brot für 4 Kinder
KöTaf.RandomGenerator.vshost.exe Information: 0 : Person ID: 539 | TableNo: 537 | Firstname: Franz Beggel, Address: 71061 Neu-Ulm, Bülowstraße 350c, Nationality: serbisch, DateOfBirth: 08/23/1957 00:00:00
KöTaf.RandomGenerator.vshost.exe Information: 0 : Person ID: 540 | TableNo: 538 | Firstname: Michael Högl, Address: 53292 Hof, Arabellapark 61v, Nationality: serbisch, DateOfBirth: 01/24/1982 00:00:00
KöTaf.RandomGenerator.vshost.exe Information: 0 : Booking ID: 570 | Source: 1, Target: 2, Amount: 324, User: 2, Description: Brot
KöTaf.RandomGenerator.vshost.exe Information: 0 : Booking ID: 571 | Source: 3, Target: 2, Amount: 841, User: , Description: TEXT
KöTaf.RandomGenerator.vshost.exe Information: 0 : TeamID: 323 | Firstname: Katrin Krüger, Address: 22067 Paderborn, Münchner Freiheit 144o, DateOfBirth: 01.04.1956
KöTaf.RandomGenerator.vshost.exe Information: 0 : TeamID: 324 | Firstname: Michaela Greiner, Address: 64239 Bottrop, Bülowstraße 120o, DateOfBirth: 28.11.1986
KöTaf.RandomGenerator.vshost.exe Information: 0 : Booking ID: 572 | Source: 1, Target: 3, Amount: 386, User: 5, Description: TEXT
KöTaf.RandomGenerator.vshost.exe Information: 0 : ID: 596 | Name: Michael Krüger, Address: 49804 Lindau, Landsbergerstr. 485i, Company Name: Murks AG
KöTaf.RandomGenerator.vshost.exe Information: 0 : Person ID: 541 | TableNo: 539 | Firstname: Franz Beggel, Address: 55621 Bonn, Am Roten Tor 303m, Nationality: deutsch, DateOfBirth: 12/09/1964 00:00:00
KöTaf.RandomGenerator.vshost.exe Information: 0 : Booking ID: 573 | Source: 3, Target: 2, Amount: 114, User: 6, Description: Brot
KöTaf.RandomGenerator.vshost.exe Information: 0 : Booking ID: 574 | Source: 1, Target: 3, Amount: 705, User: 5, Description: Auszahlung an Mitarbeiter Meier gegen Tankstellenbeleg
KöTaf.RandomGenerator.vshost.exe Information: 0 : Person ID: 542 | TableNo: 540 | Firstname: Andrea Kowarschick, Address: 32327 Hof, Am Tor  30q, Nationality: afrikanisch, DateOfBirth: 10/06/1961 00:00:00
KöTaf.RandomGenerator.vshost.exe Information: 0 : ID: 597 | Name: Sabrina Kaufmann, Address: 25511 Neu-Ulm, Landsbergerstr. 226f, Company Name: ABC
KöTaf.RandomGenerator.vshost.exe Information: 0 : TeamID: 325 | Firstname: Marianne Kirsch, Address: 77478 Essen, Loristraße 100a, DateOfBirth: 28.03.1978
KöTaf.RandomGenerator.vshost.exe Information: 0 : ID: 598 | Name: Franz Ziegler, Address: 77472 Essen, Goetheplatz 30n, Company Name: Deutsche Bank AG
KöTaf.RandomGenerator.vshost.exe Information: 0 : ID: 599 | Name: Klaus Ziegler, Address: 67668 Lindau, Bülowstraße 31h, Company Name: 
KöTaf.RandomGenerator.vshost.exe Information: 0 : TeamID: 326 | Firstname: Konrad Kowarschick, Address: 21469 Köln, Loristraße 150x, DateOfBirth: 28.04.1967
KöTaf.RandomGenerator.vshost.exe Information: 0 : ID: 600 | Name: Anja Ziegler, Address: 21527 Augsburg, Maier-Kuh-Weg 25o, Company Name: Deutsche Bank AG
KöTaf.RandomGenerator.vshost.exe Information: 0 : !!!!! Random Sponsor beendet !!!!!
KöTaf.RandomGenerator.vshost.exe Information: 0 : Booking ID: 575 | Source: 3, Target: 3, Amount: 865, User: 1, Description: Auszahlung an Mitarbeiter Meier gegen Tankstellenbeleg
KöTaf.RandomGenerator.vshost.exe Information: 0 : Person ID: 543 | TableNo: 541 | Firstname: Anja Högl, Address: 53798 Leipzig, Arabellapark 153i, Nationality: afrikanisch, DateOfBirth: 03/01/1996 00:00:00
KöTaf.RandomGenerator.vshost.exe Information: 0 : Booking ID: 576 | Source: 3, Target: 2, Amount: 613, User: 1, Description: TEXT
KöTaf.RandomGenerator.vshost.exe Information: 0 : Booking ID: 577 | Source: 1, Target: 1, Amount: 74, User: 5, Description: TEXT
KöTaf.RandomGenerator.vshost.exe Information: 0 : TeamID: 327 | Firstname: Katrin Krüger, Address: 61187 Memmingen, Goetheplatz 35e, DateOfBirth: 06.11.1941
KöTaf.RandomGenerator.vshost.exe Information: 0 : Booking ID: 578 | Source: 3, Target: 3, Amount: 165, User: 6, Description: Auszahlung an Mitarbeiter Meier gegen Tankstellenbeleg
KöTaf.RandomGenerator.vshost.exe Information: 0 : Booking ID: 579 | Source: 2, Target: 2, Amount: 241, User: 3, Description: Brot
KöTaf.RandomGenerator.vshost.exe Information: 0 : Person ID: 544 | TableNo: 542 | Firstname: Anja Sizmann, Address: 33911 Ulm, Kopfweg 367f, Nationality: afrikanisch, DateOfBirth: 07/18/1970 00:00:00
KöTaf.RandomGenerator.vshost.exe Information: 0 : Booking ID: 580 | Source: 2, Target: 3, Amount: 459, User: 6, Description: Brot für 4 Kinder
KöTaf.RandomGenerator.vshost.exe Information: 0 : TeamID: 328 | Firstname: Konrad Maier, Address: 43183 Lindau, Maier-Kuh-Weg 93m, DateOfBirth: 18.08.1942
KöTaf.RandomGenerator.vshost.exe Information: 0 : Person ID: 545 | TableNo: 543 | Firstname: Patrick Schramm, Address: 59348 Augsburg, Arabellapark 45o, Nationality: deutsch, DateOfBirth: 05/07/1978 00:00:00
KöTaf.RandomGenerator.vshost.exe Information: 0 : Booking ID: 581 | Source: 1, Target: 2, Amount: 689, User: 6, Description: Auszahlung an Mitarbeiter Meier gegen Tankstellenbeleg
KöTaf.RandomGenerator.vshost.exe Information: 0 : TeamID: 329 | Firstname: Susanne Much, Address: 75885 Augsburg, Landsbergerstr. 418z, DateOfBirth: 07.01.1943
KöTaf.RandomGenerator.vshost.exe Information: 0 : Booking ID: 582 | Source: 1, Target: 2, Amount: 745, User: 3, Description: Brot für 4 Kinder
KöTaf.RandomGenerator.vshost.exe Information: 0 : TeamID: 330 | Firstname: Luise Kirsch, Address: 70651 Recklinghausen, Landsbergerstr. 170i, DateOfBirth: 24.10.1970
KöTaf.RandomGenerator.vshost.exe Information: 0 : Person ID: 546 | TableNo: 544 | Firstname: Katrin Müller, Address: 67557 Leipzig, Kopfweg 173d, Nationality: deutsch, DateOfBirth: 07/25/1953 00:00:00
KöTaf.RandomGenerator.vshost.exe Information: 0 : TeamID: 331 | Firstname: Anna-Luise Krüger, Address: 75012 Köln, Goetheplatz 278c, DateOfBirth: 20.07.1941
KöTaf.RandomGenerator.vshost.exe Information: 0 : TeamID: 332 | Firstname: Konrad Meier, Address: 18938 Waltrop, Münchner Freiheit 182t, DateOfBirth: 09.09.1972
KöTaf.RandomGenerator.vshost.exe Information: 0 : TeamID: 333 | Firstname: Katrin Kirsch, Address: 76850 Dortmund, Am Roten Tor 435f, DateOfBirth: 26.06.1980
KöTaf.RandomGenerator.vshost.exe Information: 0 : Booking ID: 583 | Source: 2, Target: 1, Amount: 287, User: 5, Description: Hk
KöTaf.RandomGenerator.vshost.exe Information: 0 : TeamID: 334 | Firstname: Luise Schleining, Address: 30410 Bottrop, Münchner Freiheit 218w, DateOfBirth: 21.11.1941
KöTaf.RandomGenerator.vshost.exe Information: 0 : TeamID: 335 | Firstname: Anna-Luise Greiner, Address: 88776 München, Landsbergerstr. 356b, DateOfBirth: 07.04.1964
KöTaf.RandomGenerator.vshost.exe Information: 0 : TeamID: 336 | Firstname: Karl Meier, Address: 50303 Dortmund, Am Roten Tor 422j, DateOfBirth: 07.05.1971
KöTaf.RandomGenerator.vshost.exe Information: 0 : Booking ID: 584 | Source: 3, Target: 1, Amount: 428, User: , Description: Brot
KöTaf.RandomGenerator.vshost.exe Information: 0 : TeamID: 337 | Firstname: Marianne Meier, Address: 28002 Köln, Goetheplatz 25o, DateOfBirth: 01.11.1943
KöTaf.RandomGenerator.vshost.exe Information: 0 : Booking ID: 585 | Source: 1, Target: 3, Amount: 843, User: 1, Description: Brot für 4 Kinder
KöTaf.RandomGenerator.vshost.exe Information: 0 : TeamID: 338 | Firstname: Annabell Maier, Address: 63032 Bottrop, Am Roten Tor 466t, DateOfBirth: 10.01.1962
KöTaf.RandomGenerator.vshost.exe Information: 0 : TeamID: 339 | Firstname: Anna-Luise Meier, Address: 34333 Immenstadt, Loristraße 114w, DateOfBirth: 25.09.1985
KöTaf.RandomGenerator.vshost.exe Information: 0 : Booking ID: 586 | Source: 2, Target: 2, Amount: 577, User: 6, Description: Brot für 4 Kinder
KöTaf.RandomGenerator.vshost.exe Information: 0 : Booking ID: 587 | Source: 1, Target: 1, Amount: 805, User: 1, Description: TEXT
KöTaf.RandomGenerator.vshost.exe Information: 0 : TeamID: 340 | Firstname: Susanne Hulschik, Address: 32276 Essen, Goetheplatz 498y, DateOfBirth: 05.05.1960
KöTaf.RandomGenerator.vshost.exe Information: 0 : Person ID: 547 | TableNo: 545 | Firstname: Michael Ziegler, Address: 88445 Leipzig, Am Roten Tor 328d, Nationality: russisch, DateOfBirth: 10/01/1955 00:00:00
KöTaf.RandomGenerator.vshost.exe Information: 0 : Booking ID: 588 | Source: 2, Target: 1, Amount: 290, User: 2, Description: Hk
KöTaf.RandomGenerator.vshost.exe Information: 0 : TeamID: 341 | Firstname: Susanne Kirsch, Address: 38569 Köln, Bülowstraße 283u, DateOfBirth: 08.09.1987
KöTaf.RandomGenerator.vshost.exe Information: 0 : Person ID: 548 | TableNo: 546 | Firstname: Hildegart Stark, Address: 65671 Berlin, Müllerstraße 245t, Nationality: deutsch, DateOfBirth: 07/14/1970 00:00:00
KöTaf.RandomGenerator.vshost.exe Information: 0 : TeamID: 342 | Firstname: Anna Schmidt, Address: 33805 Waltrop, Landsbergerstr. 348h, DateOfBirth: 17.01.1944
KöTaf.RandomGenerator.vshost.exe Information: 0 : Booking ID: 589 | Source: 2, Target: 1, Amount: 731, User: 6, Description: Brot für 4 Kinder
KöTaf.RandomGenerator.vshost.exe Information: 0 : TeamID: 343 | Firstname: Anna-Luise Kublink, Address: 56986 Dortmund, Landsbergerstr. 27c, DateOfBirth: 05.07.1967
KöTaf.RandomGenerator.vshost.exe Information: 0 : TeamID: 344 | Firstname: Konrad Krüger, Address: 70398 Essen, Münchner Freiheit 263v, DateOfBirth: 08.12.1969
KöTaf.RandomGenerator.vshost.exe Information: 0 : Booking ID: 590 | Source: 1, Target: 1, Amount: 532, User: 5, Description: Auszahlung an Mitarbeiter Meier gegen Tankstellenbeleg
KöTaf.RandomGenerator.vshost.exe Information: 0 : TeamID: 345 | Firstname: Marianne Kirsch, Address: 87164 Bochum, Landsbergerstr. 439h, DateOfBirth: 26.07.1976
KöTaf.RandomGenerator.vshost.exe Information: 0 : TeamID: 346 | Firstname: Karin Erdlenbuch, Address: 58184 Memmingen, Bülowstraße 341p, DateOfBirth: 21.06.1951
KöTaf.RandomGenerator.vshost.exe Information: 0 : Booking ID: 591 | Source: 1, Target: 1, Amount: 543, User: 3, Description: TEXT
KöTaf.RandomGenerator.vshost.exe Information: 0 : TeamID: 347 | Firstname: Katrin Schleining, Address: 74557 Neu-Ulm, Maier-Kuh-Weg 413z, DateOfBirth: 05.07.1942
KöTaf.RandomGenerator.vshost.exe Information: 0 : Booking ID: 592 | Source: 1, Target: 2, Amount: 608, User: 5, Description: Brot für 4 Kinder
KöTaf.RandomGenerator.vshost.exe Information: 0 : Person ID: 549 | TableNo: 547 | Firstname: Katrin Kowarschick, Address: 19770 Weiden, Loristraße 372f, Nationality: hindu, DateOfBirth: 07/27/1950 00:00:00
KöTaf.RandomGenerator.vshost.exe Information: 0 : TeamID: 348 | Firstname: Karl Kirsch, Address: 55069 Waltrop, Maier-Kuh-Weg 92m, DateOfBirth: 19.04.1953
KöTaf.RandomGenerator.vshost.exe Information: 0 : TeamID: 349 | Firstname: Susanne Erdlenbuch, Address: 73476 Leipzig, Am Roten Tor 340e, DateOfBirth: 19.05.1958
KöTaf.RandomGenerator.vshost.exe Information: 0 : TeamID: 350 | Firstname: Anna Erdlenbuch, Address: 22236 Paderborn, Bülowstraße 43h, DateOfBirth: 02.04.1949
KöTaf.RandomGenerator.vshost.exe Information: 0 : TeamID: 351 | Firstname: Katrin Müller, Address: 68772 Paderborn, Landsbergerstr. 81p, DateOfBirth: 10.10.1955
KöTaf.RandomGenerator.vshost.exe Information: 0 : Person ID: 550 | TableNo: 548 | Firstname: Katrin Greiner, Address: 61462 Rosenheim, Bülowstraße 103r, Nationality: russisch, DateOfBirth: 02/08/1991 00:00:00
KöTaf.RandomGenerator.vshost.exe Information: 0 : Booking ID: 593 | Source: 3, Target: 3, Amount: 23, User: 2, Description: TEXT
KöTaf.RandomGenerator.vshost.exe Information: 0 : TeamID: 352 | Firstname: Hans Hulschik, Address: 45099 Waltrop, Am Roten Tor 178q, DateOfBirth: 05.06.1976
KöTaf.RandomGenerator.vshost.exe Information: 0 : Booking ID: 594 | Source: 2, Target: 2, Amount: 227, User: 6, Description: Brot für 4 Kinder
KöTaf.RandomGenerator.vshost.exe Information: 0 : TeamID: 353 | Firstname: Michaela Meier, Address: 85167 Gelsenkirchen, Landsbergerstr. 254j, DateOfBirth: 22.10.1986
KöTaf.RandomGenerator.vshost.exe Information: 0 : Booking ID: 595 | Source: 2, Target: 3, Amount: 297, User: 2, Description: TEXT
KöTaf.RandomGenerator.vshost.exe Information: 0 : TeamID: 354 | Firstname: Annabell Meier, Address: 63395 Waltrop, Goetheplatz 460u, DateOfBirth: 05.06.1959
KöTaf.RandomGenerator.vshost.exe Information: 0 : TeamID: 355 | Firstname: Annabell Schmidt, Address: 66924 Gelsenkirchen, Bülowstraße 308o, DateOfBirth: 17.10.1980
KöTaf.RandomGenerator.vshost.exe Information: 0 : Booking ID: 596 | Source: 1, Target: 3, Amount: 137, User: 1, Description: TEXT
KöTaf.RandomGenerator.vshost.exe Information: 0 : TeamID: 356 | Firstname: Anna Schmidt, Address: 81531 Dortmund, Loristraße 193j, DateOfBirth: 01.01.1955
KöTaf.RandomGenerator.vshost.exe Information: 0 : Person ID: 551 | TableNo: 549 | Firstname: Georg Märtin, Address: 73770 Neu-Ulm, Herzogweg 208o, Nationality: ukrainisch, DateOfBirth: 12/12/1991 00:00:00
KöTaf.RandomGenerator.vshost.exe Information: 0 : Booking ID: 597 | Source: 2, Target: 3, Amount: 33, User: 2, Description: TEXT
KöTaf.RandomGenerator.vshost.exe Information: 0 : Booking ID: 598 | Source: 3, Target: 2, Amount: 433, User: 2, Description: Auszahlung an Mitarbeiter Meier gegen Tankstellenbeleg
KöTaf.RandomGenerator.vshost.exe Information: 0 : TeamID: 357 | Firstname: Konrad Schmidt, Address: 88808 Leipzig, Bülowstraße 248e, DateOfBirth: 15.06.1961
KöTaf.RandomGenerator.vshost.exe Information: 0 : Person ID: 552 | TableNo: 550 | Firstname: Klaus Ziegler, Address: 84362 Geretsried, Landsbergerstraße 310j, Nationality: ukrainisch, DateOfBirth: 07/10/1973 00:00:00
KöTaf.RandomGenerator.vshost.exe Information: 0 : TeamID: 358 | Firstname: Karin Krüger, Address: 53530 Essen, Maier-Kuh-Weg 19q, DateOfBirth: 28.05.1968
KöTaf.RandomGenerator.vshost.exe Information: 0 : Booking ID: 599 | Source: 3, Target: 2, Amount: 563, User: 1, Description: Brot für 4 Kinder
KöTaf.RandomGenerator.vshost.exe Information: 0 : TeamID: 359 | Firstname: Marianne Müller, Address: 62327 Dortmund, Landsbergerstr. 138f, DateOfBirth: 08.08.1986
KöTaf.RandomGenerator.vshost.exe Information: 0 : TeamID: 360 | Firstname: Luise Krüger, Address: 70982 Augsburg, Bülowstraße 296z, DateOfBirth: 03.08.1984
KöTaf.RandomGenerator.vshost.exe Information: 0 : Booking ID: 600 | Source: 3, Target: 3, Amount: 485, User: 6, Description: Hk
KöTaf.RandomGenerator.vshost.exe Information: 0 : !!!!! Random Booking beendet !!!!!
KöTaf.RandomGenerator.vshost.exe Information: 0 : TeamID: 361 | Firstname: Konrad Greiner, Address: 25875 Castrop, Am Roten Tor 237q, DateOfBirth: 17.04.1962
KöTaf.RandomGenerator.vshost.exe Information: 0 : TeamID: 362 | Firstname: Anna-Luise Meier, Address: 15201 Waltrop, Maier-Kuh-Weg 436e, DateOfBirth: 10.01.1954
KöTaf.RandomGenerator.vshost.exe Information: 0 : Person ID: 553 | TableNo: 551 | Firstname: Sabrina Bäurle, Address: 31827 Augsburg, Bülowstraße 218u, Nationality: serbisch, DateOfBirth: 09/04/1974 00:00:00
KöTaf.RandomGenerator.vshost.exe Information: 0 : Person ID: 554 | TableNo: 552 | Firstname: Andreas Zettl, Address: 28680 Ulm, Am Tor  338h, Nationality: deutsch, DateOfBirth: 11/22/1999 00:00:00
KöTaf.RandomGenerator.vshost.exe Information: 0 : TeamID: 363 | Firstname: Anna-Luise Kowarschick, Address: 56952 München, Am Roten Tor 118m, DateOfBirth: 25.05.1986
KöTaf.RandomGenerator.vshost.exe Information: 0 : Person ID: 555 | TableNo: 553 | Firstname: Max Maier, Address: 29995 Leipzig, Am Roten Tor 68r, Nationality: amerikanisch, DateOfBirth: 11/06/1959 00:00:00
KöTaf.RandomGenerator.vshost.exe Information: 0 : TeamID: 364 | Firstname: Karin Kublink, Address: 64050 Bottrop, Landsbergerstr. 31u, DateOfBirth: 01.06.1947
KöTaf.RandomGenerator.vshost.exe Information: 0 : TeamID: 365 | Firstname: Karl Müller, Address: 16199 München, Loristraße 15p, DateOfBirth: 09.01.1977
KöTaf.RandomGenerator.vshost.exe Information: 0 : TeamID: 366 | Firstname: Annabell Meier, Address: 83852 Paderborn, Goetheplatz 4s, DateOfBirth: 14.11.1953
KöTaf.RandomGenerator.vshost.exe Information: 0 : TeamID: 367 | Firstname: Luise Greiner, Address: 51342 Bottrop, Maier-Kuh-Weg 327k, DateOfBirth: 08.06.1955
KöTaf.RandomGenerator.vshost.exe Information: 0 : Person ID: 556 | TableNo: 554 | Firstname: Ruth Märtin, Address: 10949 Türkheim, Am Roten Tor 102m, Nationality: afrikanisch, DateOfBirth: 07/11/1957 00:00:00
KöTaf.RandomGenerator.vshost.exe Information: 0 : TeamID: 368 | Firstname: Susanne Erdlenbuch, Address: 57671 Bochum, Goetheplatz 404h, DateOfBirth: 25.03.1972
KöTaf.RandomGenerator.vshost.exe Information: 0 : TeamID: 369 | Firstname: Anna-Luise Maier, Address: 79499 Immenstadt, Goetheplatz 53f, DateOfBirth: 12.04.1959
KöTaf.RandomGenerator.vshost.exe Information: 0 : TeamID: 370 | Firstname: Anna-Luise Maier, Address: 21240 Bochum, Bülowstraße 396t, DateOfBirth: 15.04.1960
KöTaf.RandomGenerator.vshost.exe Information: 0 : TeamID: 371 | Firstname: Marianne Kublink, Address: 39871 Castrop, Loristraße 440q, DateOfBirth: 28.09.1984
KöTaf.RandomGenerator.vshost.exe Information: 0 : TeamID: 372 | Firstname: Annabell Meier, Address: 42212 Essen, Maier-Kuh-Weg 194d, DateOfBirth: 26.06.1944
KöTaf.RandomGenerator.vshost.exe Information: 0 : TeamID: 373 | Firstname: Michaela Schmidt, Address: 85646 Augsburg, Loristraße 364y, DateOfBirth: 08.08.1944
KöTaf.RandomGenerator.vshost.exe Information: 0 : Person ID: 557 | TableNo: 555 | Firstname: Anja Greiner, Address: 16636 Augsburg, Arabellapark 160d, Nationality: ukrainisch, DateOfBirth: 02/20/1975 00:00:00
KöTaf.RandomGenerator.vshost.exe Information: 0 : TeamID: 374 | Firstname: Karin Kublink, Address: 30115 Gelsenkirchen, Bülowstraße 16v, DateOfBirth: 09.03.1959
KöTaf.RandomGenerator.vshost.exe Information: 0 : Person ID: 558 | TableNo: 556 | Firstname: Ruth Metzner, Address: 34040 Geretsried, Bülowstraße 118i, Nationality: deutsch, DateOfBirth: 09/18/1953 00:00:00
KöTaf.RandomGenerator.vshost.exe Information: 0 : TeamID: 375 | Firstname: Michaela Müller, Address: 44685 Bochum, Maier-Kuh-Weg 54f, DateOfBirth: 14.10.1986
KöTaf.RandomGenerator.vshost.exe Information: 0 : TeamID: 376 | Firstname: Anna-Luise Maier, Address: 24070 Gelsenkirchen, Goetheplatz 19o, DateOfBirth: 08.11.1990
KöTaf.RandomGenerator.vshost.exe Information: 0 : Person ID: 559 | TableNo: 557 | Firstname: Kirstin Högl, Address: 72241 Leipzig, Arabellapark 138i, Nationality: ukrainisch, DateOfBirth: 06/21/1981 00:00:00
KöTaf.RandomGenerator.vshost.exe Information: 0 : TeamID: 377 | Firstname: Anna Müller, Address: 72625 Augsburg, Bülowstraße 331z, DateOfBirth: 24.07.1985
KöTaf.RandomGenerator.vshost.exe Information: 0 : TeamID: 378 | Firstname: Annabell Kowarschick, Address: 20978 Memmingen, Am Roten Tor 417z, DateOfBirth: 15.12.1953
KöTaf.RandomGenerator.vshost.exe Information: 0 : TeamID: 379 | Firstname: Hans Krüger, Address: 21454 Bottrop, Bülowstraße 72l, DateOfBirth: 27.06.1955
KöTaf.RandomGenerator.vshost.exe Information: 0 : TeamID: 380 | Firstname: Anna-Luise Greiner, Address: 46537 Lindau, Goetheplatz 352l, DateOfBirth: 10.12.1988
KöTaf.RandomGenerator.vshost.exe Information: 0 : Person ID: 560 | TableNo: 558 | Firstname: Hildegart Kulib, Address: 51190 Dresden, Landsbergerstraße 246v, Nationality: amerikanisch, DateOfBirth: 09/25/1983 00:00:00
KöTaf.RandomGenerator.vshost.exe Information: 0 : TeamID: 381 | Firstname: Annabell Meier, Address: 18362 Augsburg, Münchner Freiheit 62f, DateOfBirth: 26.11.1946
KöTaf.RandomGenerator.vshost.exe Information: 0 : TeamID: 382 | Firstname: Susanne Banane, Address: 38433 Dortmund, Landsbergerstr. 345q, DateOfBirth: 18.04.1940
KöTaf.RandomGenerator.vshost.exe Information: 0 : TeamID: 383 | Firstname: Katrin Schleining, Address: 22512 München, Loristraße 38y, DateOfBirth: 03.09.1958
KöTaf.RandomGenerator.vshost.exe Information: 0 : Person ID: 561 | TableNo: 559 | Firstname: Max Krüger, Address: 55703 Augsburg, Bülowstraße 41p, Nationality: serbisch, DateOfBirth: 06/17/1977 00:00:00
KöTaf.RandomGenerator.vshost.exe Information: 0 : TeamID: 384 | Firstname: Karin Meier, Address: 49616 Köln, Maier-Kuh-Weg 414j, DateOfBirth: 03.12.1952
KöTaf.RandomGenerator.vshost.exe Information: 0 : Person ID: 562 | TableNo: 560 | Firstname: Sabrina Sizmann, Address: 47611 Augsburg, Unter den Linden 84p, Nationality: deutsch, DateOfBirth: 04/18/1973 00:00:00
KöTaf.RandomGenerator.vshost.exe Information: 0 : TeamID: 385 | Firstname: Katrin Greiner, Address: 84098 Köln, Am Roten Tor 487u, DateOfBirth: 05.07.1989
KöTaf.RandomGenerator.vshost.exe Information: 0 : TeamID: 386 | Firstname: Konrad Müller, Address: 50603 Lindau, Münchner Freiheit 379n, DateOfBirth: 12.02.1968
KöTaf.RandomGenerator.vshost.exe Information: 0 : Person ID: 563 | TableNo: 561 | Firstname: Anton Högl, Address: 27536 Hof, Loristraße 39h, Nationality: deutsch, DateOfBirth: 08/17/1982 00:00:00
KöTaf.RandomGenerator.vshost.exe Information: 0 : Person ID: 564 | TableNo: 562 | Firstname: Florian Stork, Address: 87740 Bonn, Bülowstraße 61q, Nationality: amerikanisch, DateOfBirth: 12/14/1962 00:00:00
KöTaf.RandomGenerator.vshost.exe Information: 0 : TeamID: 387 | Firstname: Susanne Meier, Address: 13929 Lindau, Münchner Freiheit 57z, DateOfBirth: 01.03.1974
KöTaf.RandomGenerator.vshost.exe Information: 0 : TeamID: 388 | Firstname: Annabell Hulschik, Address: 71218 Waltrop, Münchner Freiheit 88b, DateOfBirth: 11.02.1945
KöTaf.RandomGenerator.vshost.exe Information: 0 : TeamID: 389 | Firstname: Karl Kublink, Address: 45284 Augsburg, Am Roten Tor 282p, DateOfBirth: 24.07.1956
KöTaf.RandomGenerator.vshost.exe Information: 0 : TeamID: 390 | Firstname: Michaela Erdlenbuch, Address: 57154 Paderborn, Bülowstraße 55l, DateOfBirth: 10.10.1973
KöTaf.RandomGenerator.vshost.exe Information: 0 : TeamID: 391 | Firstname: Konrad Hulschik, Address: 31842 Castrop, Landsbergerstr. 314s, DateOfBirth: 27.07.1943
KöTaf.RandomGenerator.vshost.exe Information: 0 : Person ID: 565 | TableNo: 563 | Firstname: Sabrina Kaufmann, Address: 10529 Geretsried, Müllerstraße 172b, Nationality: serbisch, DateOfBirth: 07/26/1998 00:00:00
KöTaf.RandomGenerator.vshost.exe Information: 0 : TeamID: 392 | Firstname: Konrad Maier, Address: 20185 Paderborn, Bülowstraße 280m, DateOfBirth: 16.11.1982
KöTaf.RandomGenerator.vshost.exe Information: 0 : TeamID: 393 | Firstname: Susanne Kowarschick, Address: 43746 Bochum, Bülowstraße 398y, DateOfBirth: 15.04.1989
KöTaf.RandomGenerator.vshost.exe Information: 0 : TeamID: 394 | Firstname: Katrin Kirsch, Address: 36223 Köln, Münchner Freiheit 282v, DateOfBirth: 09.05.1974
KöTaf.RandomGenerator.vshost.exe Information: 0 : Person ID: 566 | TableNo: 564 | Firstname: Anton Bäurle, Address: 72839 Türkheim, Loristraße 45o, Nationality: russisch, DateOfBirth: 07/02/1986 00:00:00
KöTaf.RandomGenerator.vshost.exe Information: 0 : TeamID: 395 | Firstname: Michaela Maier, Address: 14550 Memmingen, Am Roten Tor 111l, DateOfBirth: 05.05.1969
KöTaf.RandomGenerator.vshost.exe Information: 0 : TeamID: 396 | Firstname: Karl Greiner, Address: 32009 Essen, Bülowstraße 265r, DateOfBirth: 06.04.1988
KöTaf.RandomGenerator.vshost.exe Information: 0 : TeamID: 397 | Firstname: Karin Greiner, Address: 78636 Essen, Landsbergerstr. 104o, DateOfBirth: 15.01.1986
KöTaf.RandomGenerator.vshost.exe Information: 0 : TeamID: 398 | Firstname: Luise Banane, Address: 51262 Köln, Goetheplatz 235s, DateOfBirth: 07.07.1942
KöTaf.RandomGenerator.vshost.exe Information: 0 : Person ID: 567 | TableNo: 565 | Firstname: Kirstin Kowarschick, Address: 68941 Dresden, Landsbergerstraße 345o, Nationality: afrikanisch, DateOfBirth: 01/15/1984 00:00:00
KöTaf.RandomGenerator.vshost.exe Information: 0 : TeamID: 399 | Firstname: Anna Maier, Address: 23496 Waltrop, Bülowstraße 13e, DateOfBirth: 27.08.1947
KöTaf.RandomGenerator.vshost.exe Information: 0 : TeamID: 400 | Firstname: Michaela Hulschik, Address: 45472 Lindau, Goetheplatz 156y, DateOfBirth: 13.03.1949
KöTaf.RandomGenerator.vshost.exe Information: 0 : TeamID: 401 | Firstname: Hans Kublink, Address: 58765 Bottrop, Bülowstraße 337i, DateOfBirth: 08.02.1967
KöTaf.RandomGenerator.vshost.exe Information: 0 : TeamID: 402 | Firstname: Marianne Erdlenbuch, Address: 25946 Recklinghausen, Münchner Freiheit 169f, DateOfBirth: 22.06.1985
KöTaf.RandomGenerator.vshost.exe Information: 0 : Person ID: 568 | TableNo: 566 | Firstname: Max Stork, Address: 88254 Köln, Kopfweg 236m, Nationality: hindu, DateOfBirth: 01/28/1997 00:00:00
KöTaf.RandomGenerator.vshost.exe Information: 0 : TeamID: 403 | Firstname: Anna Banane, Address: 71942 Immenstadt, Bülowstraße 388z, DateOfBirth: 20.12.1945
KöTaf.RandomGenerator.vshost.exe Information: 0 : !!!!! Random Team beendet !!!!!
KöTaf.RandomGenerator.vshost.exe Information: 0 : Person ID: 569 | TableNo: 567 | Firstname: Katrin Bäurle, Address: 14183 Berlin, Arabellapark 270r, Nationality: ukrainisch, DateOfBirth: 01/19/1980 00:00:00
KöTaf.RandomGenerator.vshost.exe Information: 0 : Person ID: 570 | TableNo: 568 | Firstname: Klaus Müller, Address: 57673 Bonn, Am Roten Tor 150r, Nationality: afrikanisch, DateOfBirth: 04/07/1951 00:00:00
KöTaf.RandomGenerator.vshost.exe Information: 0 : Person ID: 571 | TableNo: 569 | Firstname: Georg Kowarschick, Address: 73400 Leipzig, Am Roten Tor 34l, Nationality: ukrainisch, DateOfBirth: 07/25/1951 00:00:00
KöTaf.RandomGenerator.vshost.exe Information: 0 : Person ID: 572 | TableNo: 570 | Firstname: Andreas Schramm, Address: 46220 Hof, Landsbergerstraße 34j, Nationality: amerikanisch, DateOfBirth: 10/10/1960 00:00:00
KöTaf.RandomGenerator.vshost.exe Information: 0 : Person ID: 573 | TableNo: 571 | Firstname: Herman Schramm, Address: 73244 Augsburg, Am Roten Tor 274t, Nationality: afrikanisch, DateOfBirth: 08/01/1969 00:00:00
KöTaf.RandomGenerator.vshost.exe Information: 0 : Person ID: 574 | TableNo: 572 | Firstname: Hildegart Märtin, Address: 17556 Weiden, Arabellapark 179v, Nationality: serbisch, DateOfBirth: 08/27/1971 00:00:00
KöTaf.RandomGenerator.vshost.exe Information: 0 : Person ID: 575 | TableNo: 573 | Firstname: Klaus Fesenmaier, Address: 38444 Cham, Am Tor  321h, Nationality: afrikanisch, DateOfBirth: 06/04/1982 00:00:00
KöTaf.RandomGenerator.vshost.exe Information: 0 : Person ID: 576 | TableNo: 574 | Firstname: Andreas Zettl, Address: 75238 Geretsried, Am Tor  309r, Nationality: hindu, DateOfBirth: 05/04/1985 00:00:00
KöTaf.RandomGenerator.vshost.exe Information: 0 : Person ID: 577 | TableNo: 575 | Firstname: Sabrina Metzner, Address: 67098 Dresden, Bülowstraße 343z, Nationality: serbisch, DateOfBirth: 07/18/1985 00:00:00
KöTaf.RandomGenerator.vshost.exe Information: 0 : Person ID: 578 | TableNo: 576 | Firstname: Anja Stark, Address: 23318 Hof, Landsbergerstraße 219c, Nationality: deutsch, DateOfBirth: 04/27/1988 00:00:00
KöTaf.RandomGenerator.vshost.exe Information: 0 : Person ID: 579 | TableNo: 577 | Firstname: Andrea Ziegler, Address: 13728 Cham, Herzogweg 96t, Nationality: serbisch, DateOfBirth: 08/06/1989 00:00:00
KöTaf.RandomGenerator.vshost.exe Information: 0 : Person ID: 580 | TableNo: 578 | Firstname: Dietmar Schramm, Address: 12380 Neu-Ulm, Am Roten Tor 172w, Nationality: ukrainisch, DateOfBirth: 08/13/1955 00:00:00
KöTaf.RandomGenerator.vshost.exe Information: 0 : Person ID: 581 | TableNo: 579 | Firstname: Susanne Kulib, Address: 83029 Leipzig, Bülowstraße 200f, Nationality: hindu, DateOfBirth: 07/19/1951 00:00:00
KöTaf.RandomGenerator.vshost.exe Information: 0 : Person ID: 582 | TableNo: 580 | Firstname: Hildegart Kaufmann, Address: 34303 Dresden, Herzogweg 52a, Nationality: afrikanisch, DateOfBirth: 03/17/1957 00:00:00
KöTaf.RandomGenerator.vshost.exe Information: 0 : Person ID: 583 | TableNo: 581 | Firstname: Katrin Stark, Address: 25829 Türkheim, Am Roten Tor 83b, Nationality: serbisch, DateOfBirth: 07/14/1997 00:00:00
KöTaf.RandomGenerator.vshost.exe Information: 0 : Person ID: 584 | TableNo: 582 | Firstname: Franz Kaufmann, Address: 61497 München, Am Heideweg 325h, Nationality: hindu, DateOfBirth: 08/27/1975 00:00:00
KöTaf.RandomGenerator.vshost.exe Information: 0 : Person ID: 585 | TableNo: 583 | Firstname: Susanne Maier, Address: 51343 Weiden, Herzogweg 48o, Nationality: deutsch, DateOfBirth: 09/22/1956 00:00:00
KöTaf.RandomGenerator.vshost.exe Information: 0 : Person ID: 586 | TableNo: 584 | Firstname: Susanne Beggel, Address: 17100 München, Landsbergerstraße 271o, Nationality: afrikanisch, DateOfBirth: 03/26/1966 00:00:00
KöTaf.RandomGenerator.vshost.exe Information: 0 : Person ID: 587 | TableNo: 585 | Firstname: Franz Meier, Address: 51769 Berlin, Herzogweg 230w, Nationality: deutsch, DateOfBirth: 12/16/1967 00:00:00
KöTaf.RandomGenerator.vshost.exe Information: 0 : Person ID: 588 | TableNo: 586 | Firstname: Wolfgang Meier, Address: 62379 Weiden, Herzogweg 320u, Nationality: amerikanisch, DateOfBirth: 07/12/1984 00:00:00
KöTaf.RandomGenerator.vshost.exe Information: 0 : Person ID: 589 | TableNo: 587 | Firstname: Sabrina Greiner, Address: 89248 Rosenheim, Am Roten Tor 19h, Nationality: russisch, DateOfBirth: 10/15/1961 00:00:00
KöTaf.RandomGenerator.vshost.exe Information: 0 : Person ID: 590 | TableNo: 588 | Firstname: Andrea Högl, Address: 45502 Hof, Arabellapark 291u, Nationality: serbisch, DateOfBirth: 04/04/1987 00:00:00
KöTaf.RandomGenerator.vshost.exe Information: 0 : Person ID: 591 | TableNo: 589 | Firstname: Sabrina Ziegler, Address: 31802 Hof, Am Heideweg 315n, Nationality: serbisch, DateOfBirth: 11/16/1988 00:00:00
KöTaf.RandomGenerator.vshost.exe Information: 0 : Person ID: 592 | TableNo: 590 | Firstname: Kirstin Dümmler, Address: 24182 Neu-Ulm, Landsbergerstraße 235r, Nationality: afrikanisch, DateOfBirth: 06/06/1954 00:00:00
KöTaf.RandomGenerator.vshost.exe Information: 0 : Person ID: 593 | TableNo: 591 | Firstname: Klaus Stork, Address: 26307 Ulm, Müllerstraße 171d, Nationality: serbisch, DateOfBirth: 07/16/1971 00:00:00
KöTaf.RandomGenerator.vshost.exe Information: 0 : Person ID: 594 | TableNo: 592 | Firstname: Andrea Müller, Address: 36018 Bonn, Am Heideweg 150a, Nationality: afrikanisch, DateOfBirth: 04/16/1994 00:00:00
KöTaf.RandomGenerator.vshost.exe Information: 0 : Person ID: 595 | TableNo: 593 | Firstname: Ruth Märtin, Address: 20350 München, Am Heideweg 211g, Nationality: russisch, DateOfBirth: 11/28/1996 00:00:00
KöTaf.RandomGenerator.vshost.exe Information: 0 : Person ID: 596 | TableNo: 594 | Firstname: Franz Beggel, Address: 54442 Bonn, Am Tor  373f, Nationality: afrikanisch, DateOfBirth: 10/18/1981 00:00:00
KöTaf.RandomGenerator.vshost.exe Information: 0 : Person ID: 597 | TableNo: 595 | Firstname: Ruth Kowarschick, Address: 12839 Weiden, Bülowstraße 146r, Nationality: afrikanisch, DateOfBirth: 01/05/1989 00:00:00
KöTaf.RandomGenerator.vshost.exe Information: 0 : Person ID: 598 | TableNo: 596 | Firstname: Herman Kulib, Address: 59654 Geretsried, Müllerstraße 186e, Nationality: afrikanisch, DateOfBirth: 08/18/1952 00:00:00
KöTaf.RandomGenerator.vshost.exe Information: 0 : Person ID: 599 | TableNo: 597 | Firstname: Ruth Beggel, Address: 12533 Leipzig, Landsbergerstraße 95a, Nationality: hindu, DateOfBirth: 09/02/1991 00:00:00
KöTaf.RandomGenerator.vshost.exe Information: 0 : Person ID: 600 | TableNo: 598 | Firstname: Anja Ziegler, Address: 12206 Augsburg, Unter den Linden 331u, Nationality: afrikanisch, DateOfBirth: 07/04/1991 00:00:00
KöTaf.RandomGenerator.vshost.exe Information: 0 : Person ID: 601 | TableNo: 599 | Firstname: Herman Metzner, Address: 19775 Weiden, Am Roten Tor 292j, Nationality: deutsch, DateOfBirth: 09/09/1982 00:00:00
KöTaf.RandomGenerator.vshost.exe Information: 0 : Person ID: 602 | TableNo: 600 | Firstname: Katrin Beggel, Address: 81149 Ulm, Am Tor  349l, Nationality: serbisch, DateOfBirth: 08/01/1999 00:00:00
KöTaf.RandomGenerator.vshost.exe Information: 0 : Person ID: 603 | TableNo: 601 | Firstname: Andrea Stork, Address: 48102 Bonn, Unter den Linden 339d, Nationality: serbisch, DateOfBirth: 09/02/1950 00:00:00
KöTaf.RandomGenerator.vshost.exe Information: 0 : Person ID: 604 | TableNo: 602 | Firstname: Patrick Kowarschick, Address: 38606 Berlin, Loristraße 144v, Nationality: ukrainisch, DateOfBirth: 05/07/1981 00:00:00
KöTaf.RandomGenerator.vshost.exe Information: 0 : !!!!! Random Person beendet !!!!!
